/*C12*/SET SCHEMA PUBLIC
DELETE FROM QRTZ_FIRED_TRIGGERS WHERE SCHED_NAME='csvnQuartz' AND ENTRY_ID='NON_CLUSTERED1512070411400'
COMMIT
DELETE FROM QRTZ_TRIGGERS WHERE SCHED_NAME='csvnQuartz' AND TRIGGER_NAME='networkTrigger' AND TRIGGER_GROUP='Statistics_Triggers'
INSERT INTO QRTZ_TRIGGERS VALUES('networkTrigger','Statistics_Triggers','com.collabnet.svnedge.statistics.StatCollectJob','Statistics',NULL,1512802435289,1512802135289,5,'ACQUIRED','SIMPLE',1512070435289,0,NULL,0,'aced0005737200156f72672e71756172747a2e4a6f62446174614d61709fb083e8bfa9b0cb020000787200266f72672e71756172747a2e7574696c732e537472696e674b65794469727479466c61674d61708208e8c3fbc55d280200015a0013616c6c6f77735472616e7369656e74446174617872001d6f72672e71756172747a2e7574696c732e4469727479466c61674d617013e62ead28760ace0200025a000564697274794c00036d617074000f4c6a6176612f7574696c2f4d61703b787001737200116a6176612e7574696c2e486173684d61700507dac1c31660d103000246000a6c6f6164466163746f724900097468726573686f6c6478703f4000000000000c7708000000100000000174000b736572766963654e616d657400186e6574776f726b53746174697374696373536572766963657800','csvnQuartz')
INSERT INTO QRTZ_FIRED_TRIGGERS VALUES('NON_CLUSTERED1512070411401','networkTrigger','Statistics_Triggers','NON_CLUSTERED',1512802422651,5,'ACQUIRED',NULL,NULL,FALSE,FALSE,NULL,'csvnQuartz',1512802435289)
COMMIT
DELETE FROM QRTZ_FIRED_TRIGGERS WHERE SCHED_NAME='csvnQuartz' AND ENTRY_ID='NON_CLUSTERED1512070411401'
INSERT INTO QRTZ_FIRED_TRIGGERS VALUES('NON_CLUSTERED1512070411401','networkTrigger','Statistics_Triggers','NON_CLUSTERED',1512802435299,5,'EXECUTING','com.collabnet.svnedge.statistics.StatCollectJob','Statistics',FALSE,FALSE,NULL,'csvnQuartz',1512802435289)
DELETE FROM QRTZ_TRIGGERS WHERE SCHED_NAME='csvnQuartz' AND TRIGGER_NAME='networkTrigger' AND TRIGGER_GROUP='Statistics_Triggers'
INSERT INTO QRTZ_TRIGGERS VALUES('networkTrigger','Statistics_Triggers','com.collabnet.svnedge.statistics.StatCollectJob','Statistics',NULL,1512802735289,1512802435289,5,'WAITING','SIMPLE',1512070435289,0,NULL,0,'aced0005737200156f72672e71756172747a2e4a6f62446174614d61709fb083e8bfa9b0cb020000787200266f72672e71756172747a2e7574696c732e537472696e674b65794469727479466c61674d61708208e8c3fbc55d280200015a0013616c6c6f77735472616e7369656e74446174617872001d6f72672e71756172747a2e7574696c732e4469727479466c61674d617013e62ead28760ace0200025a000564697274794c00036d617074000f4c6a6176612f7574696c2f4d61703b787001737200116a6176612e7574696c2e486173684d61700507dac1c31660d103000246000a6c6f6164466163746f724900097468726573686f6c6478703f4000000000000c7708000000100000000174000b736572766963654e616d657400186e6574776f726b53746174697374696373536572766963657800','csvnQuartz')
DELETE FROM QRTZ_SIMPLE_TRIGGERS WHERE SCHED_NAME='csvnQuartz' AND TRIGGER_NAME='networkTrigger' AND TRIGGER_GROUP='Statistics_Triggers'
INSERT INTO QRTZ_SIMPLE_TRIGGERS VALUES('networkTrigger','Statistics_Triggers',-1,300000,2441,'csvnQuartz')
COMMIT
/*C10*/SET SCHEMA PUBLIC
DELETE FROM QRTZ_FIRED_TRIGGERS WHERE SCHED_NAME='csvnQuartz' AND ENTRY_ID='NON_CLUSTERED1512070411401'
COMMIT
DELETE FROM QRTZ_TRIGGERS WHERE SCHED_NAME='csvnQuartz' AND TRIGGER_NAME='networkTrigger' AND TRIGGER_GROUP='Statistics_Triggers'
INSERT INTO QRTZ_TRIGGERS VALUES('networkTrigger','Statistics_Triggers','com.collabnet.svnedge.statistics.StatCollectJob','Statistics',NULL,1512802735289,1512802435289,5,'ACQUIRED','SIMPLE',1512070435289,0,NULL,0,'aced0005737200156f72672e71756172747a2e4a6f62446174614d61709fb083e8bfa9b0cb020000787200266f72672e71756172747a2e7574696c732e537472696e674b65794469727479466c61674d61708208e8c3fbc55d280200015a0013616c6c6f77735472616e7369656e74446174617872001d6f72672e71756172747a2e7574696c732e4469727479466c61674d617013e62ead28760ace0200025a000564697274794c00036d617074000f4c6a6176612f7574696c2f4d61703b787001737200116a6176612e7574696c2e486173684d61700507dac1c31660d103000246000a6c6f6164466163746f724900097468726573686f6c6478703f4000000000000c7708000000100000000174000b736572766963654e616d657400186e6574776f726b53746174697374696373536572766963657800','csvnQuartz')
INSERT INTO QRTZ_FIRED_TRIGGERS VALUES('NON_CLUSTERED1512070411402','networkTrigger','Statistics_Triggers','NON_CLUSTERED',1512802732664,5,'ACQUIRED',NULL,NULL,FALSE,FALSE,NULL,'csvnQuartz',1512802735289)
COMMIT
DELETE FROM QRTZ_FIRED_TRIGGERS WHERE SCHED_NAME='csvnQuartz' AND ENTRY_ID='NON_CLUSTERED1512070411402'
INSERT INTO QRTZ_FIRED_TRIGGERS VALUES('NON_CLUSTERED1512070411402','networkTrigger','Statistics_Triggers','NON_CLUSTERED',1512802735304,5,'EXECUTING','com.collabnet.svnedge.statistics.StatCollectJob','Statistics',FALSE,FALSE,NULL,'csvnQuartz',1512802735289)
DELETE FROM QRTZ_TRIGGERS WHERE SCHED_NAME='csvnQuartz' AND TRIGGER_NAME='networkTrigger' AND TRIGGER_GROUP='Statistics_Triggers'
INSERT INTO QRTZ_TRIGGERS VALUES('networkTrigger','Statistics_Triggers','com.collabnet.svnedge.statistics.StatCollectJob','Statistics',NULL,1512803035289,1512802735289,5,'WAITING','SIMPLE',1512070435289,0,NULL,0,'aced0005737200156f72672e71756172747a2e4a6f62446174614d61709fb083e8bfa9b0cb020000787200266f72672e71756172747a2e7574696c732e537472696e674b65794469727479466c61674d61708208e8c3fbc55d280200015a0013616c6c6f77735472616e7369656e74446174617872001d6f72672e71756172747a2e7574696c732e4469727479466c61674d617013e62ead28760ace0200025a000564697274794c00036d617074000f4c6a6176612f7574696c2f4d61703b787001737200116a6176612e7574696c2e486173684d61700507dac1c31660d103000246000a6c6f6164466163746f724900097468726573686f6c6478703f4000000000000c7708000000100000000174000b736572766963654e616d657400186e6574776f726b53746174697374696373536572766963657800','csvnQuartz')
DELETE FROM QRTZ_SIMPLE_TRIGGERS WHERE SCHED_NAME='csvnQuartz' AND TRIGGER_NAME='networkTrigger' AND TRIGGER_GROUP='Statistics_Triggers'
INSERT INTO QRTZ_SIMPLE_TRIGGERS VALUES('networkTrigger','Statistics_Triggers',-1,300000,2442,'csvnQuartz')
COMMIT
/*C12*/DELETE FROM QRTZ_FIRED_TRIGGERS WHERE SCHED_NAME='csvnQuartz' AND ENTRY_ID='NON_CLUSTERED1512070411402'
COMMIT
/*C10*/DELETE FROM QRTZ_TRIGGERS WHERE SCHED_NAME='csvnQuartz' AND TRIGGER_NAME='networkTrigger' AND TRIGGER_GROUP='Statistics_Triggers'
INSERT INTO QRTZ_TRIGGERS VALUES('networkTrigger','Statistics_Triggers','com.collabnet.svnedge.statistics.StatCollectJob','Statistics',NULL,1512803035289,1512802735289,5,'ACQUIRED','SIMPLE',1512070435289,0,NULL,0,'aced0005737200156f72672e71756172747a2e4a6f62446174614d61709fb083e8bfa9b0cb020000787200266f72672e71756172747a2e7574696c732e537472696e674b65794469727479466c61674d61708208e8c3fbc55d280200015a0013616c6c6f77735472616e7369656e74446174617872001d6f72672e71756172747a2e7574696c732e4469727479466c61674d617013e62ead28760ace0200025a000564697274794c00036d617074000f4c6a6176612f7574696c2f4d61703b787001737200116a6176612e7574696c2e486173684d61700507dac1c31660d103000246000a6c6f6164466163746f724900097468726573686f6c6478703f4000000000000c7708000000100000000174000b736572766963654e616d657400186e6574776f726b53746174697374696373536572766963657800','csvnQuartz')
INSERT INTO QRTZ_FIRED_TRIGGERS VALUES('NON_CLUSTERED1512070411403','networkTrigger','Statistics_Triggers','NON_CLUSTERED',1512803029256,5,'ACQUIRED',NULL,NULL,FALSE,FALSE,NULL,'csvnQuartz',1512803035289)
COMMIT
DELETE FROM QRTZ_FIRED_TRIGGERS WHERE SCHED_NAME='csvnQuartz' AND ENTRY_ID='NON_CLUSTERED1512070411403'
INSERT INTO QRTZ_FIRED_TRIGGERS VALUES('NON_CLUSTERED1512070411403','networkTrigger','Statistics_Triggers','NON_CLUSTERED',1512803035301,5,'EXECUTING','com.collabnet.svnedge.statistics.StatCollectJob','Statistics',FALSE,FALSE,NULL,'csvnQuartz',1512803035289)
DELETE FROM QRTZ_TRIGGERS WHERE SCHED_NAME='csvnQuartz' AND TRIGGER_NAME='networkTrigger' AND TRIGGER_GROUP='Statistics_Triggers'
INSERT INTO QRTZ_TRIGGERS VALUES('networkTrigger','Statistics_Triggers','com.collabnet.svnedge.statistics.StatCollectJob','Statistics',NULL,1512803335289,1512803035289,5,'WAITING','SIMPLE',1512070435289,0,NULL,0,'aced0005737200156f72672e71756172747a2e4a6f62446174614d61709fb083e8bfa9b0cb020000787200266f72672e71756172747a2e7574696c732e537472696e674b65794469727479466c61674d61708208e8c3fbc55d280200015a0013616c6c6f77735472616e7369656e74446174617872001d6f72672e71756172747a2e7574696c732e4469727479466c61674d617013e62ead28760ace0200025a000564697274794c00036d617074000f4c6a6176612f7574696c2f4d61703b787001737200116a6176612e7574696c2e486173684d61700507dac1c31660d103000246000a6c6f6164466163746f724900097468726573686f6c6478703f4000000000000c7708000000100000000174000b736572766963654e616d657400186e6574776f726b53746174697374696373536572766963657800','csvnQuartz')
DELETE FROM QRTZ_SIMPLE_TRIGGERS WHERE SCHED_NAME='csvnQuartz' AND TRIGGER_NAME='networkTrigger' AND TRIGGER_GROUP='Statistics_Triggers'
INSERT INTO QRTZ_SIMPLE_TRIGGERS VALUES('networkTrigger','Statistics_Triggers',-1,300000,2443,'csvnQuartz')
COMMIT
/*C12*/DELETE FROM QRTZ_FIRED_TRIGGERS WHERE SCHED_NAME='csvnQuartz' AND ENTRY_ID='NON_CLUSTERED1512070411403'
COMMIT
DELETE FROM QRTZ_TRIGGERS WHERE SCHED_NAME='csvnQuartz' AND TRIGGER_NAME='fileSystemTrigger' AND TRIGGER_GROUP='Statistics_Triggers'
INSERT INTO QRTZ_TRIGGERS VALUES('fileSystemTrigger','Statistics_Triggers','com.collabnet.svnedge.statistics.StatCollectJob','Statistics',NULL,1512803143029,1512801343029,5,'ACQUIRED','SIMPLE',1512070543029,0,NULL,0,'aced0005737200156f72672e71756172747a2e4a6f62446174614d61709fb083e8bfa9b0cb020000787200266f72672e71756172747a2e7574696c732e537472696e674b65794469727479466c61674d61708208e8c3fbc55d280200015a0013616c6c6f77735472616e7369656e74446174617872001d6f72672e71756172747a2e7574696c732e4469727479466c61674d617013e62ead28760ace0200025a000564697274794c00036d617074000f4c6a6176612f7574696c2f4d61703b787001737200116a6176612e7574696c2e486173684d61700507dac1c31660d103000246000a6c6f6164466163746f724900097468726573686f6c6478703f4000000000000c7708000000100000000174000b736572766963654e616d6574001b66696c6553797374656d53746174697374696373536572766963657800','csvnQuartz')
INSERT INTO QRTZ_FIRED_TRIGGERS VALUES('NON_CLUSTERED1512070411404','fileSystemTrigger','Statistics_Triggers','NON_CLUSTERED',1512803113323,5,'ACQUIRED',NULL,NULL,FALSE,FALSE,NULL,'csvnQuartz',1512803143029)
COMMIT
DELETE FROM QRTZ_FIRED_TRIGGERS WHERE SCHED_NAME='csvnQuartz' AND ENTRY_ID='NON_CLUSTERED1512070411404'
INSERT INTO QRTZ_FIRED_TRIGGERS VALUES('NON_CLUSTERED1512070411404','fileSystemTrigger','Statistics_Triggers','NON_CLUSTERED',1512803143033,5,'EXECUTING','com.collabnet.svnedge.statistics.StatCollectJob','Statistics',FALSE,FALSE,NULL,'csvnQuartz',1512803143029)
DELETE FROM QRTZ_TRIGGERS WHERE SCHED_NAME='csvnQuartz' AND TRIGGER_NAME='fileSystemTrigger' AND TRIGGER_GROUP='Statistics_Triggers'
INSERT INTO QRTZ_TRIGGERS VALUES('fileSystemTrigger','Statistics_Triggers','com.collabnet.svnedge.statistics.StatCollectJob','Statistics',NULL,1512804943029,1512803143029,5,'WAITING','SIMPLE',1512070543029,0,NULL,0,'aced0005737200156f72672e71756172747a2e4a6f62446174614d61709fb083e8bfa9b0cb020000787200266f72672e71756172747a2e7574696c732e537472696e674b65794469727479466c61674d61708208e8c3fbc55d280200015a0013616c6c6f77735472616e7369656e74446174617872001d6f72672e71756172747a2e7574696c732e4469727479466c61674d617013e62ead28760ace0200025a000564697274794c00036d617074000f4c6a6176612f7574696c2f4d61703b787001737200116a6176612e7574696c2e486173684d61700507dac1c31660d103000246000a6c6f6164466163746f724900097468726573686f6c6478703f4000000000000c7708000000100000000174000b736572766963654e616d6574001b66696c6553797374656d53746174697374696373536572766963657800','csvnQuartz')
DELETE FROM QRTZ_SIMPLE_TRIGGERS WHERE SCHED_NAME='csvnQuartz' AND TRIGGER_NAME='fileSystemTrigger' AND TRIGGER_GROUP='Statistics_Triggers'
INSERT INTO QRTZ_SIMPLE_TRIGGERS VALUES('fileSystemTrigger','Statistics_Triggers',-1,1800000,408,'csvnQuartz')
COMMIT
DELETE FROM QRTZ_FIRED_TRIGGERS WHERE SCHED_NAME='csvnQuartz' AND ENTRY_ID='NON_CLUSTERED1512070411404'
COMMIT
DELETE FROM QRTZ_TRIGGERS WHERE SCHED_NAME='csvnQuartz' AND TRIGGER_NAME='networkTrigger' AND TRIGGER_GROUP='Statistics_Triggers'
INSERT INTO QRTZ_TRIGGERS VALUES('networkTrigger','Statistics_Triggers','com.collabnet.svnedge.statistics.StatCollectJob','Statistics',NULL,1512803335289,1512803035289,5,'ACQUIRED','SIMPLE',1512070435289,0,NULL,0,'aced0005737200156f72672e71756172747a2e4a6f62446174614d61709fb083e8bfa9b0cb020000787200266f72672e71756172747a2e7574696c732e537472696e674b65794469727479466c61674d61708208e8c3fbc55d280200015a0013616c6c6f77735472616e7369656e74446174617872001d6f72672e71756172747a2e7574696c732e4469727479466c61674d617013e62ead28760ace0200025a000564697274794c00036d617074000f4c6a6176612f7574696c2f4d61703b787001737200116a6176612e7574696c2e486173684d61700507dac1c31660d103000246000a6c6f6164466163746f724900097468726573686f6c6478703f4000000000000c7708000000100000000174000b736572766963654e616d657400186e6574776f726b53746174697374696373536572766963657800','csvnQuartz')
INSERT INTO QRTZ_FIRED_TRIGGERS VALUES('NON_CLUSTERED1512070411405','networkTrigger','Statistics_Triggers','NON_CLUSTERED',1512803320390,5,'ACQUIRED',NULL,NULL,FALSE,FALSE,NULL,'csvnQuartz',1512803335289)
COMMIT
DELETE FROM QRTZ_FIRED_TRIGGERS WHERE SCHED_NAME='csvnQuartz' AND ENTRY_ID='NON_CLUSTERED1512070411405'
INSERT INTO QRTZ_FIRED_TRIGGERS VALUES('NON_CLUSTERED1512070411405','networkTrigger','Statistics_Triggers','NON_CLUSTERED',1512803335303,5,'EXECUTING','com.collabnet.svnedge.statistics.StatCollectJob','Statistics',FALSE,FALSE,NULL,'csvnQuartz',1512803335289)
DELETE FROM QRTZ_TRIGGERS WHERE SCHED_NAME='csvnQuartz' AND TRIGGER_NAME='networkTrigger' AND TRIGGER_GROUP='Statistics_Triggers'
INSERT INTO QRTZ_TRIGGERS VALUES('networkTrigger','Statistics_Triggers','com.collabnet.svnedge.statistics.StatCollectJob','Statistics',NULL,1512803635289,1512803335289,5,'WAITING','SIMPLE',1512070435289,0,NULL,0,'aced0005737200156f72672e71756172747a2e4a6f62446174614d61709fb083e8bfa9b0cb020000787200266f72672e71756172747a2e7574696c732e537472696e674b65794469727479466c61674d61708208e8c3fbc55d280200015a0013616c6c6f77735472616e7369656e74446174617872001d6f72672e71756172747a2e7574696c732e4469727479466c61674d617013e62ead28760ace0200025a000564697274794c00036d617074000f4c6a6176612f7574696c2f4d61703b787001737200116a6176612e7574696c2e486173684d61700507dac1c31660d103000246000a6c6f6164466163746f724900097468726573686f6c6478703f4000000000000c7708000000100000000174000b736572766963654e616d657400186e6574776f726b53746174697374696373536572766963657800','csvnQuartz')
DELETE FROM QRTZ_SIMPLE_TRIGGERS WHERE SCHED_NAME='csvnQuartz' AND TRIGGER_NAME='networkTrigger' AND TRIGGER_GROUP='Statistics_Triggers'
INSERT INTO QRTZ_SIMPLE_TRIGGERS VALUES('networkTrigger','Statistics_Triggers',-1,300000,2444,'csvnQuartz')
COMMIT
DELETE FROM QRTZ_FIRED_TRIGGERS WHERE SCHED_NAME='csvnQuartz' AND ENTRY_ID='NON_CLUSTERED1512070411405'
COMMIT
DELETE FROM QRTZ_TRIGGERS WHERE SCHED_NAME='csvnQuartz' AND TRIGGER_NAME='networkTrigger' AND TRIGGER_GROUP='Statistics_Triggers'
INSERT INTO QRTZ_TRIGGERS VALUES('networkTrigger','Statistics_Triggers','com.collabnet.svnedge.statistics.StatCollectJob','Statistics',NULL,1512803635289,1512803335289,5,'ACQUIRED','SIMPLE',1512070435289,0,NULL,0,'aced0005737200156f72672e71756172747a2e4a6f62446174614d61709fb083e8bfa9b0cb020000787200266f72672e71756172747a2e7574696c732e537472696e674b65794469727479466c61674d61708208e8c3fbc55d280200015a0013616c6c6f77735472616e7369656e74446174617872001d6f72672e71756172747a2e7574696c732e4469727479466c61674d617013e62ead28760ace0200025a000564697274794c00036d617074000f4c6a6176612f7574696c2f4d61703b787001737200116a6176612e7574696c2e486173684d61700507dac1c31660d103000246000a6c6f6164466163746f724900097468726573686f6c6478703f4000000000000c7708000000100000000174000b736572766963654e616d657400186e6574776f726b53746174697374696373536572766963657800','csvnQuartz')
INSERT INTO QRTZ_FIRED_TRIGGERS VALUES('NON_CLUSTERED1512070411406','networkTrigger','Statistics_Triggers','NON_CLUSTERED',1512803622911,5,'ACQUIRED',NULL,NULL,FALSE,FALSE,NULL,'csvnQuartz',1512803635289)
COMMIT
DELETE FROM QRTZ_FIRED_TRIGGERS WHERE SCHED_NAME='csvnQuartz' AND ENTRY_ID='NON_CLUSTERED1512070411406'
INSERT INTO QRTZ_FIRED_TRIGGERS VALUES('NON_CLUSTERED1512070411406','networkTrigger','Statistics_Triggers','NON_CLUSTERED',1512803635292,5,'EXECUTING','com.collabnet.svnedge.statistics.StatCollectJob','Statistics',FALSE,FALSE,NULL,'csvnQuartz',1512803635289)
DELETE FROM QRTZ_TRIGGERS WHERE SCHED_NAME='csvnQuartz' AND TRIGGER_NAME='networkTrigger' AND TRIGGER_GROUP='Statistics_Triggers'
INSERT INTO QRTZ_TRIGGERS VALUES('networkTrigger','Statistics_Triggers','com.collabnet.svnedge.statistics.StatCollectJob','Statistics',NULL,1512803935289,1512803635289,5,'WAITING','SIMPLE',1512070435289,0,NULL,0,'aced0005737200156f72672e71756172747a2e4a6f62446174614d61709fb083e8bfa9b0cb020000787200266f72672e71756172747a2e7574696c732e537472696e674b65794469727479466c61674d61708208e8c3fbc55d280200015a0013616c6c6f77735472616e7369656e74446174617872001d6f72672e71756172747a2e7574696c732e4469727479466c61674d617013e62ead28760ace0200025a000564697274794c00036d617074000f4c6a6176612f7574696c2f4d61703b787001737200116a6176612e7574696c2e486173684d61700507dac1c31660d103000246000a6c6f6164466163746f724900097468726573686f6c6478703f4000000000000c7708000000100000000174000b736572766963654e616d657400186e6574776f726b53746174697374696373536572766963657800','csvnQuartz')
DELETE FROM QRTZ_SIMPLE_TRIGGERS WHERE SCHED_NAME='csvnQuartz' AND TRIGGER_NAME='networkTrigger' AND TRIGGER_GROUP='Statistics_Triggers'
INSERT INTO QRTZ_SIMPLE_TRIGGERS VALUES('networkTrigger','Statistics_Triggers',-1,300000,2445,'csvnQuartz')
COMMIT
/*C10*/DELETE FROM QRTZ_FIRED_TRIGGERS WHERE SCHED_NAME='csvnQuartz' AND ENTRY_ID='NON_CLUSTERED1512070411406'
COMMIT
DELETE FROM QRTZ_TRIGGERS WHERE SCHED_NAME='csvnQuartz' AND TRIGGER_NAME='networkTrigger' AND TRIGGER_GROUP='Statistics_Triggers'
INSERT INTO QRTZ_TRIGGERS VALUES('networkTrigger','Statistics_Triggers','com.collabnet.svnedge.statistics.StatCollectJob','Statistics',NULL,1512803935289,1512803635289,5,'ACQUIRED','SIMPLE',1512070435289,0,NULL,0,'aced0005737200156f72672e71756172747a2e4a6f62446174614d61709fb083e8bfa9b0cb020000787200266f72672e71756172747a2e7574696c732e537472696e674b65794469727479466c61674d61708208e8c3fbc55d280200015a0013616c6c6f77735472616e7369656e74446174617872001d6f72672e71756172747a2e7574696c732e4469727479466c61674d617013e62ead28760ace0200025a000564697274794c00036d617074000f4c6a6176612f7574696c2f4d61703b787001737200116a6176612e7574696c2e486173684d61700507dac1c31660d103000246000a6c6f6164466163746f724900097468726573686f6c6478703f4000000000000c7708000000100000000174000b736572766963654e616d657400186e6574776f726b53746174697374696373536572766963657800','csvnQuartz')
INSERT INTO QRTZ_FIRED_TRIGGERS VALUES('NON_CLUSTERED1512070411407','networkTrigger','Statistics_Triggers','NON_CLUSTERED',1512803927300,5,'ACQUIRED',NULL,NULL,FALSE,FALSE,NULL,'csvnQuartz',1512803935289)
COMMIT
DELETE FROM QRTZ_FIRED_TRIGGERS WHERE SCHED_NAME='csvnQuartz' AND ENTRY_ID='NON_CLUSTERED1512070411407'
INSERT INTO QRTZ_FIRED_TRIGGERS VALUES('NON_CLUSTERED1512070411407','networkTrigger','Statistics_Triggers','NON_CLUSTERED',1512803935300,5,'EXECUTING','com.collabnet.svnedge.statistics.StatCollectJob','Statistics',FALSE,FALSE,NULL,'csvnQuartz',1512803935289)
DELETE FROM QRTZ_TRIGGERS WHERE SCHED_NAME='csvnQuartz' AND TRIGGER_NAME='networkTrigger' AND TRIGGER_GROUP='Statistics_Triggers'
INSERT INTO QRTZ_TRIGGERS VALUES('networkTrigger','Statistics_Triggers','com.collabnet.svnedge.statistics.StatCollectJob','Statistics',NULL,1512804235289,1512803935289,5,'WAITING','SIMPLE',1512070435289,0,NULL,0,'aced0005737200156f72672e71756172747a2e4a6f62446174614d61709fb083e8bfa9b0cb020000787200266f72672e71756172747a2e7574696c732e537472696e674b65794469727479466c61674d61708208e8c3fbc55d280200015a0013616c6c6f77735472616e7369656e74446174617872001d6f72672e71756172747a2e7574696c732e4469727479466c61674d617013e62ead28760ace0200025a000564697274794c00036d617074000f4c6a6176612f7574696c2f4d61703b787001737200116a6176612e7574696c2e486173684d61700507dac1c31660d103000246000a6c6f6164466163746f724900097468726573686f6c6478703f4000000000000c7708000000100000000174000b736572766963654e616d657400186e6574776f726b53746174697374696373536572766963657800','csvnQuartz')
DELETE FROM QRTZ_SIMPLE_TRIGGERS WHERE SCHED_NAME='csvnQuartz' AND TRIGGER_NAME='networkTrigger' AND TRIGGER_GROUP='Statistics_Triggers'
INSERT INTO QRTZ_SIMPLE_TRIGGERS VALUES('networkTrigger','Statistics_Triggers',-1,300000,2446,'csvnQuartz')
COMMIT
/*C12*/DELETE FROM QRTZ_FIRED_TRIGGERS WHERE SCHED_NAME='csvnQuartz' AND ENTRY_ID='NON_CLUSTERED1512070411407'
COMMIT
DELETE FROM QRTZ_TRIGGERS WHERE SCHED_NAME='csvnQuartz' AND TRIGGER_NAME='networkTrigger' AND TRIGGER_GROUP='Statistics_Triggers'
INSERT INTO QRTZ_TRIGGERS VALUES('networkTrigger','Statistics_Triggers','com.collabnet.svnedge.statistics.StatCollectJob','Statistics',NULL,1512804235289,1512803935289,5,'ACQUIRED','SIMPLE',1512070435289,0,NULL,0,'aced0005737200156f72672e71756172747a2e4a6f62446174614d61709fb083e8bfa9b0cb020000787200266f72672e71756172747a2e7574696c732e537472696e674b65794469727479466c61674d61708208e8c3fbc55d280200015a0013616c6c6f77735472616e7369656e74446174617872001d6f72672e71756172747a2e7574696c732e4469727479466c61674d617013e62ead28760ace0200025a000564697274794c00036d617074000f4c6a6176612f7574696c2f4d61703b787001737200116a6176612e7574696c2e486173684d61700507dac1c31660d103000246000a6c6f6164466163746f724900097468726573686f6c6478703f4000000000000c7708000000100000000174000b736572766963654e616d657400186e6574776f726b53746174697374696373536572766963657800','csvnQuartz')
INSERT INTO QRTZ_FIRED_TRIGGERS VALUES('NON_CLUSTERED1512070411408','networkTrigger','Statistics_Triggers','NON_CLUSTERED',1512804207173,5,'ACQUIRED',NULL,NULL,FALSE,FALSE,NULL,'csvnQuartz',1512804235289)
COMMIT
DELETE FROM QRTZ_FIRED_TRIGGERS WHERE SCHED_NAME='csvnQuartz' AND ENTRY_ID='NON_CLUSTERED1512070411408'
INSERT INTO QRTZ_FIRED_TRIGGERS VALUES('NON_CLUSTERED1512070411408','networkTrigger','Statistics_Triggers','NON_CLUSTERED',1512804235291,5,'EXECUTING','com.collabnet.svnedge.statistics.StatCollectJob','Statistics',FALSE,FALSE,NULL,'csvnQuartz',1512804235289)
DELETE FROM QRTZ_TRIGGERS WHERE SCHED_NAME='csvnQuartz' AND TRIGGER_NAME='networkTrigger' AND TRIGGER_GROUP='Statistics_Triggers'
INSERT INTO QRTZ_TRIGGERS VALUES('networkTrigger','Statistics_Triggers','com.collabnet.svnedge.statistics.StatCollectJob','Statistics',NULL,1512804535289,1512804235289,5,'WAITING','SIMPLE',1512070435289,0,NULL,0,'aced0005737200156f72672e71756172747a2e4a6f62446174614d61709fb083e8bfa9b0cb020000787200266f72672e71756172747a2e7574696c732e537472696e674b65794469727479466c61674d61708208e8c3fbc55d280200015a0013616c6c6f77735472616e7369656e74446174617872001d6f72672e71756172747a2e7574696c732e4469727479466c61674d617013e62ead28760ace0200025a000564697274794c00036d617074000f4c6a6176612f7574696c2f4d61703b787001737200116a6176612e7574696c2e486173684d61700507dac1c31660d103000246000a6c6f6164466163746f724900097468726573686f6c6478703f4000000000000c7708000000100000000174000b736572766963654e616d657400186e6574776f726b53746174697374696373536572766963657800','csvnQuartz')
DELETE FROM QRTZ_SIMPLE_TRIGGERS WHERE SCHED_NAME='csvnQuartz' AND TRIGGER_NAME='networkTrigger' AND TRIGGER_GROUP='Statistics_Triggers'
INSERT INTO QRTZ_SIMPLE_TRIGGERS VALUES('networkTrigger','Statistics_Triggers',-1,300000,2447,'csvnQuartz')
COMMIT
DELETE FROM QRTZ_FIRED_TRIGGERS WHERE SCHED_NAME='csvnQuartz' AND ENTRY_ID='NON_CLUSTERED1512070411408'
COMMIT
DELETE FROM QRTZ_TRIGGERS WHERE SCHED_NAME='csvnQuartz' AND TRIGGER_NAME='networkTrigger' AND TRIGGER_GROUP='Statistics_Triggers'
INSERT INTO QRTZ_TRIGGERS VALUES('networkTrigger','Statistics_Triggers','com.collabnet.svnedge.statistics.StatCollectJob','Statistics',NULL,1512804535289,1512804235289,5,'ACQUIRED','SIMPLE',1512070435289,0,NULL,0,'aced0005737200156f72672e71756172747a2e4a6f62446174614d61709fb083e8bfa9b0cb020000787200266f72672e71756172747a2e7574696c732e537472696e674b65794469727479466c61674d61708208e8c3fbc55d280200015a0013616c6c6f77735472616e7369656e74446174617872001d6f72672e71756172747a2e7574696c732e4469727479466c61674d617013e62ead28760ace0200025a000564697274794c00036d617074000f4c6a6176612f7574696c2f4d61703b787001737200116a6176612e7574696c2e486173684d61700507dac1c31660d103000246000a6c6f6164466163746f724900097468726573686f6c6478703f4000000000000c7708000000100000000174000b736572766963654e616d657400186e6574776f726b53746174697374696373536572766963657800','csvnQuartz')
INSERT INTO QRTZ_FIRED_TRIGGERS VALUES('NON_CLUSTERED1512070411409','networkTrigger','Statistics_Triggers','NON_CLUSTERED',1512804523480,5,'ACQUIRED',NULL,NULL,FALSE,FALSE,NULL,'csvnQuartz',1512804535289)
COMMIT
DELETE FROM QRTZ_FIRED_TRIGGERS WHERE SCHED_NAME='csvnQuartz' AND ENTRY_ID='NON_CLUSTERED1512070411409'
INSERT INTO QRTZ_FIRED_TRIGGERS VALUES('NON_CLUSTERED1512070411409','networkTrigger','Statistics_Triggers','NON_CLUSTERED',1512804535295,5,'EXECUTING','com.collabnet.svnedge.statistics.StatCollectJob','Statistics',FALSE,FALSE,NULL,'csvnQuartz',1512804535289)
DELETE FROM QRTZ_TRIGGERS WHERE SCHED_NAME='csvnQuartz' AND TRIGGER_NAME='networkTrigger' AND TRIGGER_GROUP='Statistics_Triggers'
INSERT INTO QRTZ_TRIGGERS VALUES('networkTrigger','Statistics_Triggers','com.collabnet.svnedge.statistics.StatCollectJob','Statistics',NULL,1512804835289,1512804535289,5,'WAITING','SIMPLE',1512070435289,0,NULL,0,'aced0005737200156f72672e71756172747a2e4a6f62446174614d61709fb083e8bfa9b0cb020000787200266f72672e71756172747a2e7574696c732e537472696e674b65794469727479466c61674d61708208e8c3fbc55d280200015a0013616c6c6f77735472616e7369656e74446174617872001d6f72672e71756172747a2e7574696c732e4469727479466c61674d617013e62ead28760ace0200025a000564697274794c00036d617074000f4c6a6176612f7574696c2f4d61703b787001737200116a6176612e7574696c2e486173684d61700507dac1c31660d103000246000a6c6f6164466163746f724900097468726573686f6c6478703f4000000000000c7708000000100000000174000b736572766963654e616d657400186e6574776f726b53746174697374696373536572766963657800','csvnQuartz')
DELETE FROM QRTZ_SIMPLE_TRIGGERS WHERE SCHED_NAME='csvnQuartz' AND TRIGGER_NAME='networkTrigger' AND TRIGGER_GROUP='Statistics_Triggers'
INSERT INTO QRTZ_SIMPLE_TRIGGERS VALUES('networkTrigger','Statistics_Triggers',-1,300000,2448,'csvnQuartz')
COMMIT
DELETE FROM QRTZ_FIRED_TRIGGERS WHERE SCHED_NAME='csvnQuartz' AND ENTRY_ID='NON_CLUSTERED1512070411409'
COMMIT
DELETE FROM QRTZ_TRIGGERS WHERE SCHED_NAME='csvnQuartz' AND TRIGGER_NAME='NetworkThroughputStatConsolidateTrigger' AND TRIGGER_GROUP='Statistics_Triggers'
INSERT INTO QRTZ_TRIGGERS VALUES('NetworkThroughputStatConsolidateTrigger','Statistics_Triggers','com.collabnet.svnedge.statistics.ConsolidateStatJob','Statistics',NULL,1512804822713,1512801222713,5,'ACQUIRED','SIMPLE',1512070422713,0,NULL,0,'aced0005737200156f72672e71756172747a2e4a6f62446174614d61709fb083e8bfa9b0cb020000787200266f72672e71756172747a2e7574696c732e537472696e674b65794469727479466c61674d61708208e8c3fbc55d280200015a0013616c6c6f77735472616e7369656e74446174617872001d6f72672e71756172747a2e7574696c732e4469727479466c61674d617013e62ead28760ace0200025a000564697274794c00036d617074000f4c6a6176612f7574696c2f4d61703b787001737200116a6176612e7574696c2e486173684d61700507dac1c31660d103000246000a6c6f6164466163746f724900097468726573686f6c6478703f4000000000000c7708000000100000000174000d7374617447726f75704e616d657400114e6574776f726b5468726f7567687075747800','csvnQuartz')
INSERT INTO QRTZ_FIRED_TRIGGERS VALUES('NON_CLUSTERED1512070411410','NetworkThroughputStatConsolidateTrigger','Statistics_Triggers','NON_CLUSTERED',1512804801859,5,'ACQUIRED',NULL,NULL,FALSE,FALSE,NULL,'csvnQuartz',1512804822713)
COMMIT
DELETE FROM QRTZ_FIRED_TRIGGERS WHERE SCHED_NAME='csvnQuartz' AND ENTRY_ID='NON_CLUSTERED1512070411410'
INSERT INTO QRTZ_FIRED_TRIGGERS VALUES('NON_CLUSTERED1512070411410','NetworkThroughputStatConsolidateTrigger','Statistics_Triggers','NON_CLUSTERED',1512804822718,5,'EXECUTING','com.collabnet.svnedge.statistics.ConsolidateStatJob','Statistics',FALSE,FALSE,NULL,'csvnQuartz',1512804822713)
DELETE FROM QRTZ_TRIGGERS WHERE SCHED_NAME='csvnQuartz' AND TRIGGER_NAME='NetworkThroughputStatConsolidateTrigger' AND TRIGGER_GROUP='Statistics_Triggers'
INSERT INTO QRTZ_TRIGGERS VALUES('NetworkThroughputStatConsolidateTrigger','Statistics_Triggers','com.collabnet.svnedge.statistics.ConsolidateStatJob','Statistics',NULL,1512808422713,1512804822713,5,'WAITING','SIMPLE',1512070422713,0,NULL,0,'aced0005737200156f72672e71756172747a2e4a6f62446174614d61709fb083e8bfa9b0cb020000787200266f72672e71756172747a2e7574696c732e537472696e674b65794469727479466c61674d61708208e8c3fbc55d280200015a0013616c6c6f77735472616e7369656e74446174617872001d6f72672e71756172747a2e7574696c732e4469727479466c61674d617013e62ead28760ace0200025a000564697274794c00036d617074000f4c6a6176612f7574696c2f4d61703b787001737200116a6176612e7574696c2e486173684d61700507dac1c31660d103000246000a6c6f6164466163746f724900097468726573686f6c6478703f4000000000000c7708000000100000000174000d7374617447726f75704e616d657400114e6574776f726b5468726f7567687075747800','csvnQuartz')
DELETE FROM QRTZ_SIMPLE_TRIGGERS WHERE SCHED_NAME='csvnQuartz' AND TRIGGER_NAME='NetworkThroughputStatConsolidateTrigger' AND TRIGGER_GROUP='Statistics_Triggers'
INSERT INTO QRTZ_SIMPLE_TRIGGERS VALUES('NetworkThroughputStatConsolidateTrigger','Statistics_Triggers',-1,3600000,205,'csvnQuartz')
COMMIT
/*C10*/DELETE FROM QRTZ_TRIGGERS WHERE SCHED_NAME='csvnQuartz' AND TRIGGER_NAME='FileSystemStatConsolidateTrigger' AND TRIGGER_GROUP='Statistics_Triggers'
INSERT INTO QRTZ_TRIGGERS VALUES('FileSystemStatConsolidateTrigger','Statistics_Triggers','com.collabnet.svnedge.statistics.ConsolidateStatJob','Statistics',NULL,1512804823196,1512801223196,5,'ACQUIRED','SIMPLE',1512070423196,0,NULL,0,'aced0005737200156f72672e71756172747a2e4a6f62446174614d61709fb083e8bfa9b0cb020000787200266f72672e71756172747a2e7574696c732e537472696e674b65794469727479466c61674d61708208e8c3fbc55d280200015a0013616c6c6f77735472616e7369656e74446174617872001d6f72672e71756172747a2e7574696c732e4469727479466c61674d617013e62ead28760ace0200025a000564697274794c00036d617074000f4c6a6176612f7574696c2f4d61703b787001737200116a6176612e7574696c2e486173684d61700507dac1c31660d103000246000a6c6f6164466163746f724900097468726573686f6c6478703f4000000000000c7708000000100000000174000d7374617447726f75704e616d6574000a46696c6553797374656d7800','csvnQuartz')
INSERT INTO QRTZ_FIRED_TRIGGERS VALUES('NON_CLUSTERED1512070411411','FileSystemStatConsolidateTrigger','Statistics_Triggers','NON_CLUSTERED',1512804822765,5,'ACQUIRED',NULL,NULL,FALSE,FALSE,NULL,'csvnQuartz',1512804823196)
COMMIT
/*C12*/DELETE FROM QRTZ_FIRED_TRIGGERS WHERE SCHED_NAME='csvnQuartz' AND ENTRY_ID='NON_CLUSTERED1512070411410'
COMMIT
DELETE FROM QRTZ_FIRED_TRIGGERS WHERE SCHED_NAME='csvnQuartz' AND ENTRY_ID='NON_CLUSTERED1512070411411'
INSERT INTO QRTZ_FIRED_TRIGGERS VALUES('NON_CLUSTERED1512070411411','FileSystemStatConsolidateTrigger','Statistics_Triggers','NON_CLUSTERED',1512804823202,5,'EXECUTING','com.collabnet.svnedge.statistics.ConsolidateStatJob','Statistics',FALSE,FALSE,NULL,'csvnQuartz',1512804823196)
DELETE FROM QRTZ_TRIGGERS WHERE SCHED_NAME='csvnQuartz' AND TRIGGER_NAME='FileSystemStatConsolidateTrigger' AND TRIGGER_GROUP='Statistics_Triggers'
INSERT INTO QRTZ_TRIGGERS VALUES('FileSystemStatConsolidateTrigger','Statistics_Triggers','com.collabnet.svnedge.statistics.ConsolidateStatJob','Statistics',NULL,1512808423196,1512804823196,5,'WAITING','SIMPLE',1512070423196,0,NULL,0,'aced0005737200156f72672e71756172747a2e4a6f62446174614d61709fb083e8bfa9b0cb020000787200266f72672e71756172747a2e7574696c732e537472696e674b65794469727479466c61674d61708208e8c3fbc55d280200015a0013616c6c6f77735472616e7369656e74446174617872001d6f72672e71756172747a2e7574696c732e4469727479466c61674d617013e62ead28760ace0200025a000564697274794c00036d617074000f4c6a6176612f7574696c2f4d61703b787001737200116a6176612e7574696c2e486173684d61700507dac1c31660d103000246000a6c6f6164466163746f724900097468726573686f6c6478703f4000000000000c7708000000100000000174000d7374617447726f75704e616d6574000a46696c6553797374656d7800','csvnQuartz')
DELETE FROM QRTZ_SIMPLE_TRIGGERS WHERE SCHED_NAME='csvnQuartz' AND TRIGGER_NAME='FileSystemStatConsolidateTrigger' AND TRIGGER_GROUP='Statistics_Triggers'
INSERT INTO QRTZ_SIMPLE_TRIGGERS VALUES('FileSystemStatConsolidateTrigger','Statistics_Triggers',-1,3600000,205,'csvnQuartz')
COMMIT
DELETE FROM QRTZ_TRIGGERS WHERE SCHED_NAME='csvnQuartz' AND TRIGGER_NAME='networkTrigger' AND TRIGGER_GROUP='Statistics_Triggers'
INSERT INTO QRTZ_TRIGGERS VALUES('networkTrigger','Statistics_Triggers','com.collabnet.svnedge.statistics.StatCollectJob','Statistics',NULL,1512804835289,1512804535289,5,'ACQUIRED','SIMPLE',1512070435289,0,NULL,0,'aced0005737200156f72672e71756172747a2e4a6f62446174614d61709fb083e8bfa9b0cb020000787200266f72672e71756172747a2e7574696c732e537472696e674b65794469727479466c61674d61708208e8c3fbc55d280200015a0013616c6c6f77735472616e7369656e74446174617872001d6f72672e71756172747a2e7574696c732e4469727479466c61674d617013e62ead28760ace0200025a000564697274794c00036d617074000f4c6a6176612f7574696c2f4d61703b787001737200116a6176612e7574696c2e486173684d61700507dac1c31660d103000246000a6c6f6164466163746f724900097468726573686f6c6478703f4000000000000c7708000000100000000174000b736572766963654e616d657400186e6574776f726b53746174697374696373536572766963657800','csvnQuartz')
INSERT INTO QRTZ_FIRED_TRIGGERS VALUES('NON_CLUSTERED1512070411412','networkTrigger','Statistics_Triggers','NON_CLUSTERED',1512804823202,5,'ACQUIRED',NULL,NULL,FALSE,FALSE,NULL,'csvnQuartz',1512804835289)
COMMIT
DELETE FROM QRTZ_FIRED_TRIGGERS WHERE SCHED_NAME='csvnQuartz' AND ENTRY_ID='NON_CLUSTERED1512070411411'
COMMIT
DELETE FROM QRTZ_FIRED_TRIGGERS WHERE SCHED_NAME='csvnQuartz' AND ENTRY_ID='NON_CLUSTERED1512070411412'
INSERT INTO QRTZ_FIRED_TRIGGERS VALUES('NON_CLUSTERED1512070411412','networkTrigger','Statistics_Triggers','NON_CLUSTERED',1512804835295,5,'EXECUTING','com.collabnet.svnedge.statistics.StatCollectJob','Statistics',FALSE,FALSE,NULL,'csvnQuartz',1512804835289)
DELETE FROM QRTZ_TRIGGERS WHERE SCHED_NAME='csvnQuartz' AND TRIGGER_NAME='networkTrigger' AND TRIGGER_GROUP='Statistics_Triggers'
INSERT INTO QRTZ_TRIGGERS VALUES('networkTrigger','Statistics_Triggers','com.collabnet.svnedge.statistics.StatCollectJob','Statistics',NULL,1512805135289,1512804835289,5,'WAITING','SIMPLE',1512070435289,0,NULL,0,'aced0005737200156f72672e71756172747a2e4a6f62446174614d61709fb083e8bfa9b0cb020000787200266f72672e71756172747a2e7574696c732e537472696e674b65794469727479466c61674d61708208e8c3fbc55d280200015a0013616c6c6f77735472616e7369656e74446174617872001d6f72672e71756172747a2e7574696c732e4469727479466c61674d617013e62ead28760ace0200025a000564697274794c00036d617074000f4c6a6176612f7574696c2f4d61703b787001737200116a6176612e7574696c2e486173684d61700507dac1c31660d103000246000a6c6f6164466163746f724900097468726573686f6c6478703f4000000000000c7708000000100000000174000b736572766963654e616d657400186e6574776f726b53746174697374696373536572766963657800','csvnQuartz')
DELETE FROM QRTZ_SIMPLE_TRIGGERS WHERE SCHED_NAME='csvnQuartz' AND TRIGGER_NAME='networkTrigger' AND TRIGGER_GROUP='Statistics_Triggers'
INSERT INTO QRTZ_SIMPLE_TRIGGERS VALUES('networkTrigger','Statistics_Triggers',-1,300000,2449,'csvnQuartz')
COMMIT
DELETE FROM QRTZ_FIRED_TRIGGERS WHERE SCHED_NAME='csvnQuartz' AND ENTRY_ID='NON_CLUSTERED1512070411412'
COMMIT
DELETE FROM QRTZ_TRIGGERS WHERE SCHED_NAME='csvnQuartz' AND TRIGGER_NAME='fileSystemTrigger' AND TRIGGER_GROUP='Statistics_Triggers'
INSERT INTO QRTZ_TRIGGERS VALUES('fileSystemTrigger','Statistics_Triggers','com.collabnet.svnedge.statistics.StatCollectJob','Statistics',NULL,1512804943029,1512803143029,5,'ACQUIRED','SIMPLE',1512070543029,0,NULL,0,'aced0005737200156f72672e71756172747a2e4a6f62446174614d61709fb083e8bfa9b0cb020000787200266f72672e71756172747a2e7574696c732e537472696e674b65794469727479466c61674d61708208e8c3fbc55d280200015a0013616c6c6f77735472616e7369656e74446174617872001d6f72672e71756172747a2e7574696c732e4469727479466c61674d617013e62ead28760ace0200025a000564697274794c00036d617074000f4c6a6176612f7574696c2f4d61703b787001737200116a6176612e7574696c2e486173684d61700507dac1c31660d103000246000a6c6f6164466163746f724900097468726573686f6c6478703f4000000000000c7708000000100000000174000b736572766963654e616d6574001b66696c6553797374656d53746174697374696373536572766963657800','csvnQuartz')
INSERT INTO QRTZ_FIRED_TRIGGERS VALUES('NON_CLUSTERED1512070411413','fileSystemTrigger','Statistics_Triggers','NON_CLUSTERED',1512804914695,5,'ACQUIRED',NULL,NULL,FALSE,FALSE,NULL,'csvnQuartz',1512804943029)
COMMIT
DELETE FROM QRTZ_FIRED_TRIGGERS WHERE SCHED_NAME='csvnQuartz' AND ENTRY_ID='NON_CLUSTERED1512070411413'
INSERT INTO QRTZ_FIRED_TRIGGERS VALUES('NON_CLUSTERED1512070411413','fileSystemTrigger','Statistics_Triggers','NON_CLUSTERED',1512804943036,5,'EXECUTING','com.collabnet.svnedge.statistics.StatCollectJob','Statistics',FALSE,FALSE,NULL,'csvnQuartz',1512804943029)
DELETE FROM QRTZ_TRIGGERS WHERE SCHED_NAME='csvnQuartz' AND TRIGGER_NAME='fileSystemTrigger' AND TRIGGER_GROUP='Statistics_Triggers'
INSERT INTO QRTZ_TRIGGERS VALUES('fileSystemTrigger','Statistics_Triggers','com.collabnet.svnedge.statistics.StatCollectJob','Statistics',NULL,1512806743029,1512804943029,5,'WAITING','SIMPLE',1512070543029,0,NULL,0,'aced0005737200156f72672e71756172747a2e4a6f62446174614d61709fb083e8bfa9b0cb020000787200266f72672e71756172747a2e7574696c732e537472696e674b65794469727479466c61674d61708208e8c3fbc55d280200015a0013616c6c6f77735472616e7369656e74446174617872001d6f72672e71756172747a2e7574696c732e4469727479466c61674d617013e62ead28760ace0200025a000564697274794c00036d617074000f4c6a6176612f7574696c2f4d61703b787001737200116a6176612e7574696c2e486173684d61700507dac1c31660d103000246000a6c6f6164466163746f724900097468726573686f6c6478703f4000000000000c7708000000100000000174000b736572766963654e616d6574001b66696c6553797374656d53746174697374696373536572766963657800','csvnQuartz')
DELETE FROM QRTZ_SIMPLE_TRIGGERS WHERE SCHED_NAME='csvnQuartz' AND TRIGGER_NAME='fileSystemTrigger' AND TRIGGER_GROUP='Statistics_Triggers'
INSERT INTO QRTZ_SIMPLE_TRIGGERS VALUES('fileSystemTrigger','Statistics_Triggers',-1,1800000,409,'csvnQuartz')
COMMIT
/*C10*/DELETE FROM QRTZ_FIRED_TRIGGERS WHERE SCHED_NAME='csvnQuartz' AND ENTRY_ID='NON_CLUSTERED1512070411413'
COMMIT
DELETE FROM QRTZ_TRIGGERS WHERE SCHED_NAME='csvnQuartz' AND TRIGGER_NAME='networkTrigger' AND TRIGGER_GROUP='Statistics_Triggers'
INSERT INTO QRTZ_TRIGGERS VALUES('networkTrigger','Statistics_Triggers','com.collabnet.svnedge.statistics.StatCollectJob','Statistics',NULL,1512805135289,1512804835289,5,'ACQUIRED','SIMPLE',1512070435289,0,NULL,0,'aced0005737200156f72672e71756172747a2e4a6f62446174614d61709fb083e8bfa9b0cb020000787200266f72672e71756172747a2e7574696c732e537472696e674b65794469727479466c61674d61708208e8c3fbc55d280200015a0013616c6c6f77735472616e7369656e74446174617872001d6f72672e71756172747a2e7574696c732e4469727479466c61674d617013e62ead28760ace0200025a000564697274794c00036d617074000f4c6a6176612f7574696c2f4d61703b787001737200116a6176612e7574696c2e486173684d61700507dac1c31660d103000246000a6c6f6164466163746f724900097468726573686f6c6478703f4000000000000c7708000000100000000174000b736572766963654e616d657400186e6574776f726b53746174697374696373536572766963657800','csvnQuartz')
INSERT INTO QRTZ_FIRED_TRIGGERS VALUES('NON_CLUSTERED1512070411414','networkTrigger','Statistics_Triggers','NON_CLUSTERED',1512805129503,5,'ACQUIRED',NULL,NULL,FALSE,FALSE,NULL,'csvnQuartz',1512805135289)
COMMIT
DELETE FROM QRTZ_FIRED_TRIGGERS WHERE SCHED_NAME='csvnQuartz' AND ENTRY_ID='NON_CLUSTERED1512070411414'
INSERT INTO QRTZ_FIRED_TRIGGERS VALUES('NON_CLUSTERED1512070411414','networkTrigger','Statistics_Triggers','NON_CLUSTERED',1512805135300,5,'EXECUTING','com.collabnet.svnedge.statistics.StatCollectJob','Statistics',FALSE,FALSE,NULL,'csvnQuartz',1512805135289)
DELETE FROM QRTZ_TRIGGERS WHERE SCHED_NAME='csvnQuartz' AND TRIGGER_NAME='networkTrigger' AND TRIGGER_GROUP='Statistics_Triggers'
INSERT INTO QRTZ_TRIGGERS VALUES('networkTrigger','Statistics_Triggers','com.collabnet.svnedge.statistics.StatCollectJob','Statistics',NULL,1512805435289,1512805135289,5,'WAITING','SIMPLE',1512070435289,0,NULL,0,'aced0005737200156f72672e71756172747a2e4a6f62446174614d61709fb083e8bfa9b0cb020000787200266f72672e71756172747a2e7574696c732e537472696e674b65794469727479466c61674d61708208e8c3fbc55d280200015a0013616c6c6f77735472616e7369656e74446174617872001d6f72672e71756172747a2e7574696c732e4469727479466c61674d617013e62ead28760ace0200025a000564697274794c00036d617074000f4c6a6176612f7574696c2f4d61703b787001737200116a6176612e7574696c2e486173684d61700507dac1c31660d103000246000a6c6f6164466163746f724900097468726573686f6c6478703f4000000000000c7708000000100000000174000b736572766963654e616d657400186e6574776f726b53746174697374696373536572766963657800','csvnQuartz')
DELETE FROM QRTZ_SIMPLE_TRIGGERS WHERE SCHED_NAME='csvnQuartz' AND TRIGGER_NAME='networkTrigger' AND TRIGGER_GROUP='Statistics_Triggers'
INSERT INTO QRTZ_SIMPLE_TRIGGERS VALUES('networkTrigger','Statistics_Triggers',-1,300000,2450,'csvnQuartz')
COMMIT
DELETE FROM QRTZ_FIRED_TRIGGERS WHERE SCHED_NAME='csvnQuartz' AND ENTRY_ID='NON_CLUSTERED1512070411414'
COMMIT
DELETE FROM QRTZ_TRIGGERS WHERE SCHED_NAME='csvnQuartz' AND TRIGGER_NAME='networkTrigger' AND TRIGGER_GROUP='Statistics_Triggers'
INSERT INTO QRTZ_TRIGGERS VALUES('networkTrigger','Statistics_Triggers','com.collabnet.svnedge.statistics.StatCollectJob','Statistics',NULL,1512805435289,1512805135289,5,'ACQUIRED','SIMPLE',1512070435289,0,NULL,0,'aced0005737200156f72672e71756172747a2e4a6f62446174614d61709fb083e8bfa9b0cb020000787200266f72672e71756172747a2e7574696c732e537472696e674b65794469727479466c61674d61708208e8c3fbc55d280200015a0013616c6c6f77735472616e7369656e74446174617872001d6f72672e71756172747a2e7574696c732e4469727479466c61674d617013e62ead28760ace0200025a000564697274794c00036d617074000f4c6a6176612f7574696c2f4d61703b787001737200116a6176612e7574696c2e486173684d61700507dac1c31660d103000246000a6c6f6164466163746f724900097468726573686f6c6478703f4000000000000c7708000000100000000174000b736572766963654e616d657400186e6574776f726b53746174697374696373536572766963657800','csvnQuartz')
INSERT INTO QRTZ_FIRED_TRIGGERS VALUES('NON_CLUSTERED1512070411415','networkTrigger','Statistics_Triggers','NON_CLUSTERED',1512805427537,5,'ACQUIRED',NULL,NULL,FALSE,FALSE,NULL,'csvnQuartz',1512805435289)
COMMIT
DELETE FROM QRTZ_FIRED_TRIGGERS WHERE SCHED_NAME='csvnQuartz' AND ENTRY_ID='NON_CLUSTERED1512070411415'
INSERT INTO QRTZ_FIRED_TRIGGERS VALUES('NON_CLUSTERED1512070411415','networkTrigger','Statistics_Triggers','NON_CLUSTERED',1512805435303,5,'EXECUTING','com.collabnet.svnedge.statistics.StatCollectJob','Statistics',FALSE,FALSE,NULL,'csvnQuartz',1512805435289)
DELETE FROM QRTZ_TRIGGERS WHERE SCHED_NAME='csvnQuartz' AND TRIGGER_NAME='networkTrigger' AND TRIGGER_GROUP='Statistics_Triggers'
INSERT INTO QRTZ_TRIGGERS VALUES('networkTrigger','Statistics_Triggers','com.collabnet.svnedge.statistics.StatCollectJob','Statistics',NULL,1512805735289,1512805435289,5,'WAITING','SIMPLE',1512070435289,0,NULL,0,'aced0005737200156f72672e71756172747a2e4a6f62446174614d61709fb083e8bfa9b0cb020000787200266f72672e71756172747a2e7574696c732e537472696e674b65794469727479466c61674d61708208e8c3fbc55d280200015a0013616c6c6f77735472616e7369656e74446174617872001d6f72672e71756172747a2e7574696c732e4469727479466c61674d617013e62ead28760ace0200025a000564697274794c00036d617074000f4c6a6176612f7574696c2f4d61703b787001737200116a6176612e7574696c2e486173684d61700507dac1c31660d103000246000a6c6f6164466163746f724900097468726573686f6c6478703f4000000000000c7708000000100000000174000b736572766963654e616d657400186e6574776f726b53746174697374696373536572766963657800','csvnQuartz')
DELETE FROM QRTZ_SIMPLE_TRIGGERS WHERE SCHED_NAME='csvnQuartz' AND TRIGGER_NAME='networkTrigger' AND TRIGGER_GROUP='Statistics_Triggers'
INSERT INTO QRTZ_SIMPLE_TRIGGERS VALUES('networkTrigger','Statistics_Triggers',-1,300000,2451,'csvnQuartz')
COMMIT
DELETE FROM QRTZ_FIRED_TRIGGERS WHERE SCHED_NAME='csvnQuartz' AND ENTRY_ID='NON_CLUSTERED1512070411415'
COMMIT
DELETE FROM QRTZ_TRIGGERS WHERE SCHED_NAME='csvnQuartz' AND TRIGGER_NAME='networkTrigger' AND TRIGGER_GROUP='Statistics_Triggers'
INSERT INTO QRTZ_TRIGGERS VALUES('networkTrigger','Statistics_Triggers','com.collabnet.svnedge.statistics.StatCollectJob','Statistics',NULL,1512805735289,1512805435289,5,'ACQUIRED','SIMPLE',1512070435289,0,NULL,0,'aced0005737200156f72672e71756172747a2e4a6f62446174614d61709fb083e8bfa9b0cb020000787200266f72672e71756172747a2e7574696c732e537472696e674b65794469727479466c61674d61708208e8c3fbc55d280200015a0013616c6c6f77735472616e7369656e74446174617872001d6f72672e71756172747a2e7574696c732e4469727479466c61674d617013e62ead28760ace0200025a000564697274794c00036d617074000f4c6a6176612f7574696c2f4d61703b787001737200116a6176612e7574696c2e486173684d61700507dac1c31660d103000246000a6c6f6164466163746f724900097468726573686f6c6478703f4000000000000c7708000000100000000174000b736572766963654e616d657400186e6574776f726b53746174697374696373536572766963657800','csvnQuartz')
INSERT INTO QRTZ_FIRED_TRIGGERS VALUES('NON_CLUSTERED1512070411416','networkTrigger','Statistics_Triggers','NON_CLUSTERED',1512805725298,5,'ACQUIRED',NULL,NULL,FALSE,FALSE,NULL,'csvnQuartz',1512805735289)
COMMIT
DELETE FROM QRTZ_FIRED_TRIGGERS WHERE SCHED_NAME='csvnQuartz' AND ENTRY_ID='NON_CLUSTERED1512070411416'
INSERT INTO QRTZ_FIRED_TRIGGERS VALUES('NON_CLUSTERED1512070411416','networkTrigger','Statistics_Triggers','NON_CLUSTERED',1512805735293,5,'EXECUTING','com.collabnet.svnedge.statistics.StatCollectJob','Statistics',FALSE,FALSE,NULL,'csvnQuartz',1512805735289)
DELETE FROM QRTZ_TRIGGERS WHERE SCHED_NAME='csvnQuartz' AND TRIGGER_NAME='networkTrigger' AND TRIGGER_GROUP='Statistics_Triggers'
INSERT INTO QRTZ_TRIGGERS VALUES('networkTrigger','Statistics_Triggers','com.collabnet.svnedge.statistics.StatCollectJob','Statistics',NULL,1512806035289,1512805735289,5,'WAITING','SIMPLE',1512070435289,0,NULL,0,'aced0005737200156f72672e71756172747a2e4a6f62446174614d61709fb083e8bfa9b0cb020000787200266f72672e71756172747a2e7574696c732e537472696e674b65794469727479466c61674d61708208e8c3fbc55d280200015a0013616c6c6f77735472616e7369656e74446174617872001d6f72672e71756172747a2e7574696c732e4469727479466c61674d617013e62ead28760ace0200025a000564697274794c00036d617074000f4c6a6176612f7574696c2f4d61703b787001737200116a6176612e7574696c2e486173684d61700507dac1c31660d103000246000a6c6f6164466163746f724900097468726573686f6c6478703f4000000000000c7708000000100000000174000b736572766963654e616d657400186e6574776f726b53746174697374696373536572766963657800','csvnQuartz')
DELETE FROM QRTZ_SIMPLE_TRIGGERS WHERE SCHED_NAME='csvnQuartz' AND TRIGGER_NAME='networkTrigger' AND TRIGGER_GROUP='Statistics_Triggers'
INSERT INTO QRTZ_SIMPLE_TRIGGERS VALUES('networkTrigger','Statistics_Triggers',-1,300000,2452,'csvnQuartz')
COMMIT
DELETE FROM QRTZ_FIRED_TRIGGERS WHERE SCHED_NAME='csvnQuartz' AND ENTRY_ID='NON_CLUSTERED1512070411416'
COMMIT
/*C12*/DELETE FROM QRTZ_TRIGGERS WHERE SCHED_NAME='csvnQuartz' AND TRIGGER_NAME='networkTrigger' AND TRIGGER_GROUP='Statistics_Triggers'
INSERT INTO QRTZ_TRIGGERS VALUES('networkTrigger','Statistics_Triggers','com.collabnet.svnedge.statistics.StatCollectJob','Statistics',NULL,1512806035289,1512805735289,5,'ACQUIRED','SIMPLE',1512070435289,0,NULL,0,'aced0005737200156f72672e71756172747a2e4a6f62446174614d61709fb083e8bfa9b0cb020000787200266f72672e71756172747a2e7574696c732e537472696e674b65794469727479466c61674d61708208e8c3fbc55d280200015a0013616c6c6f77735472616e7369656e74446174617872001d6f72672e71756172747a2e7574696c732e4469727479466c61674d617013e62ead28760ace0200025a000564697274794c00036d617074000f4c6a6176612f7574696c2f4d61703b787001737200116a6176612e7574696c2e486173684d61700507dac1c31660d103000246000a6c6f6164466163746f724900097468726573686f6c6478703f4000000000000c7708000000100000000174000b736572766963654e616d657400186e6574776f726b53746174697374696373536572766963657800','csvnQuartz')
INSERT INTO QRTZ_FIRED_TRIGGERS VALUES('NON_CLUSTERED1512070411417','networkTrigger','Statistics_Triggers','NON_CLUSTERED',1512806022646,5,'ACQUIRED',NULL,NULL,FALSE,FALSE,NULL,'csvnQuartz',1512806035289)
COMMIT
DELETE FROM QRTZ_FIRED_TRIGGERS WHERE SCHED_NAME='csvnQuartz' AND ENTRY_ID='NON_CLUSTERED1512070411417'
INSERT INTO QRTZ_FIRED_TRIGGERS VALUES('NON_CLUSTERED1512070411417','networkTrigger','Statistics_Triggers','NON_CLUSTERED',1512806035298,5,'EXECUTING','com.collabnet.svnedge.statistics.StatCollectJob','Statistics',FALSE,FALSE,NULL,'csvnQuartz',1512806035289)
DELETE FROM QRTZ_TRIGGERS WHERE SCHED_NAME='csvnQuartz' AND TRIGGER_NAME='networkTrigger' AND TRIGGER_GROUP='Statistics_Triggers'
INSERT INTO QRTZ_TRIGGERS VALUES('networkTrigger','Statistics_Triggers','com.collabnet.svnedge.statistics.StatCollectJob','Statistics',NULL,1512806335289,1512806035289,5,'WAITING','SIMPLE',1512070435289,0,NULL,0,'aced0005737200156f72672e71756172747a2e4a6f62446174614d61709fb083e8bfa9b0cb020000787200266f72672e71756172747a2e7574696c732e537472696e674b65794469727479466c61674d61708208e8c3fbc55d280200015a0013616c6c6f77735472616e7369656e74446174617872001d6f72672e71756172747a2e7574696c732e4469727479466c61674d617013e62ead28760ace0200025a000564697274794c00036d617074000f4c6a6176612f7574696c2f4d61703b787001737200116a6176612e7574696c2e486173684d61700507dac1c31660d103000246000a6c6f6164466163746f724900097468726573686f6c6478703f4000000000000c7708000000100000000174000b736572766963654e616d657400186e6574776f726b53746174697374696373536572766963657800','csvnQuartz')
DELETE FROM QRTZ_SIMPLE_TRIGGERS WHERE SCHED_NAME='csvnQuartz' AND TRIGGER_NAME='networkTrigger' AND TRIGGER_GROUP='Statistics_Triggers'
INSERT INTO QRTZ_SIMPLE_TRIGGERS VALUES('networkTrigger','Statistics_Triggers',-1,300000,2453,'csvnQuartz')
COMMIT
/*C10*/DELETE FROM QRTZ_FIRED_TRIGGERS WHERE SCHED_NAME='csvnQuartz' AND ENTRY_ID='NON_CLUSTERED1512070411417'
COMMIT
DELETE FROM QRTZ_TRIGGERS WHERE SCHED_NAME='csvnQuartz' AND TRIGGER_NAME='networkTrigger' AND TRIGGER_GROUP='Statistics_Triggers'
INSERT INTO QRTZ_TRIGGERS VALUES('networkTrigger','Statistics_Triggers','com.collabnet.svnedge.statistics.StatCollectJob','Statistics',NULL,1512806335289,1512806035289,5,'ACQUIRED','SIMPLE',1512070435289,0,NULL,0,'aced0005737200156f72672e71756172747a2e4a6f62446174614d61709fb083e8bfa9b0cb020000787200266f72672e71756172747a2e7574696c732e537472696e674b65794469727479466c61674d61708208e8c3fbc55d280200015a0013616c6c6f77735472616e7369656e74446174617872001d6f72672e71756172747a2e7574696c732e4469727479466c61674d617013e62ead28760ace0200025a000564697274794c00036d617074000f4c6a6176612f7574696c2f4d61703b787001737200116a6176612e7574696c2e486173684d61700507dac1c31660d103000246000a6c6f6164466163746f724900097468726573686f6c6478703f4000000000000c7708000000100000000174000b736572766963654e616d657400186e6574776f726b53746174697374696373536572766963657800','csvnQuartz')
INSERT INTO QRTZ_FIRED_TRIGGERS VALUES('NON_CLUSTERED1512070411418','networkTrigger','Statistics_Triggers','NON_CLUSTERED',1512806314967,5,'ACQUIRED',NULL,NULL,FALSE,FALSE,NULL,'csvnQuartz',1512806335289)
COMMIT
DELETE FROM QRTZ_FIRED_TRIGGERS WHERE SCHED_NAME='csvnQuartz' AND ENTRY_ID='NON_CLUSTERED1512070411418'
INSERT INTO QRTZ_FIRED_TRIGGERS VALUES('NON_CLUSTERED1512070411418','networkTrigger','Statistics_Triggers','NON_CLUSTERED',1512806335295,5,'EXECUTING','com.collabnet.svnedge.statistics.StatCollectJob','Statistics',FALSE,FALSE,NULL,'csvnQuartz',1512806335289)
DELETE FROM QRTZ_TRIGGERS WHERE SCHED_NAME='csvnQuartz' AND TRIGGER_NAME='networkTrigger' AND TRIGGER_GROUP='Statistics_Triggers'
INSERT INTO QRTZ_TRIGGERS VALUES('networkTrigger','Statistics_Triggers','com.collabnet.svnedge.statistics.StatCollectJob','Statistics',NULL,1512806635289,1512806335289,5,'WAITING','SIMPLE',1512070435289,0,NULL,0,'aced0005737200156f72672e71756172747a2e4a6f62446174614d61709fb083e8bfa9b0cb020000787200266f72672e71756172747a2e7574696c732e537472696e674b65794469727479466c61674d61708208e8c3fbc55d280200015a0013616c6c6f77735472616e7369656e74446174617872001d6f72672e71756172747a2e7574696c732e4469727479466c61674d617013e62ead28760ace0200025a000564697274794c00036d617074000f4c6a6176612f7574696c2f4d61703b787001737200116a6176612e7574696c2e486173684d61700507dac1c31660d103000246000a6c6f6164466163746f724900097468726573686f6c6478703f4000000000000c7708000000100000000174000b736572766963654e616d657400186e6574776f726b53746174697374696373536572766963657800','csvnQuartz')
DELETE FROM QRTZ_SIMPLE_TRIGGERS WHERE SCHED_NAME='csvnQuartz' AND TRIGGER_NAME='networkTrigger' AND TRIGGER_GROUP='Statistics_Triggers'
INSERT INTO QRTZ_SIMPLE_TRIGGERS VALUES('networkTrigger','Statistics_Triggers',-1,300000,2454,'csvnQuartz')
COMMIT
DELETE FROM QRTZ_FIRED_TRIGGERS WHERE SCHED_NAME='csvnQuartz' AND ENTRY_ID='NON_CLUSTERED1512070411418'
COMMIT
DELETE FROM QRTZ_TRIGGERS WHERE SCHED_NAME='csvnQuartz' AND TRIGGER_NAME='networkTrigger' AND TRIGGER_GROUP='Statistics_Triggers'
INSERT INTO QRTZ_TRIGGERS VALUES('networkTrigger','Statistics_Triggers','com.collabnet.svnedge.statistics.StatCollectJob','Statistics',NULL,1512806635289,1512806335289,5,'ACQUIRED','SIMPLE',1512070435289,0,NULL,0,'aced0005737200156f72672e71756172747a2e4a6f62446174614d61709fb083e8bfa9b0cb020000787200266f72672e71756172747a2e7574696c732e537472696e674b65794469727479466c61674d61708208e8c3fbc55d280200015a0013616c6c6f77735472616e7369656e74446174617872001d6f72672e71756172747a2e7574696c732e4469727479466c61674d617013e62ead28760ace0200025a000564697274794c00036d617074000f4c6a6176612f7574696c2f4d61703b787001737200116a6176612e7574696c2e486173684d61700507dac1c31660d103000246000a6c6f6164466163746f724900097468726573686f6c6478703f4000000000000c7708000000100000000174000b736572766963654e616d657400186e6574776f726b53746174697374696373536572766963657800','csvnQuartz')
INSERT INTO QRTZ_FIRED_TRIGGERS VALUES('NON_CLUSTERED1512070411419','networkTrigger','Statistics_Triggers','NON_CLUSTERED',1512806606212,5,'ACQUIRED',NULL,NULL,FALSE,FALSE,NULL,'csvnQuartz',1512806635289)
COMMIT
DELETE FROM QRTZ_FIRED_TRIGGERS WHERE SCHED_NAME='csvnQuartz' AND ENTRY_ID='NON_CLUSTERED1512070411419'
INSERT INTO QRTZ_FIRED_TRIGGERS VALUES('NON_CLUSTERED1512070411419','networkTrigger','Statistics_Triggers','NON_CLUSTERED',1512806635295,5,'EXECUTING','com.collabnet.svnedge.statistics.StatCollectJob','Statistics',FALSE,FALSE,NULL,'csvnQuartz',1512806635289)
DELETE FROM QRTZ_TRIGGERS WHERE SCHED_NAME='csvnQuartz' AND TRIGGER_NAME='networkTrigger' AND TRIGGER_GROUP='Statistics_Triggers'
INSERT INTO QRTZ_TRIGGERS VALUES('networkTrigger','Statistics_Triggers','com.collabnet.svnedge.statistics.StatCollectJob','Statistics',NULL,1512806935289,1512806635289,5,'WAITING','SIMPLE',1512070435289,0,NULL,0,'aced0005737200156f72672e71756172747a2e4a6f62446174614d61709fb083e8bfa9b0cb020000787200266f72672e71756172747a2e7574696c732e537472696e674b65794469727479466c61674d61708208e8c3fbc55d280200015a0013616c6c6f77735472616e7369656e74446174617872001d6f72672e71756172747a2e7574696c732e4469727479466c61674d617013e62ead28760ace0200025a000564697274794c00036d617074000f4c6a6176612f7574696c2f4d61703b787001737200116a6176612e7574696c2e486173684d61700507dac1c31660d103000246000a6c6f6164466163746f724900097468726573686f6c6478703f4000000000000c7708000000100000000174000b736572766963654e616d657400186e6574776f726b53746174697374696373536572766963657800','csvnQuartz')
DELETE FROM QRTZ_SIMPLE_TRIGGERS WHERE SCHED_NAME='csvnQuartz' AND TRIGGER_NAME='networkTrigger' AND TRIGGER_GROUP='Statistics_Triggers'
INSERT INTO QRTZ_SIMPLE_TRIGGERS VALUES('networkTrigger','Statistics_Triggers',-1,300000,2455,'csvnQuartz')
COMMIT
DELETE FROM QRTZ_FIRED_TRIGGERS WHERE SCHED_NAME='csvnQuartz' AND ENTRY_ID='NON_CLUSTERED1512070411419'
COMMIT
DELETE FROM QRTZ_TRIGGERS WHERE SCHED_NAME='csvnQuartz' AND TRIGGER_NAME='fileSystemTrigger' AND TRIGGER_GROUP='Statistics_Triggers'
INSERT INTO QRTZ_TRIGGERS VALUES('fileSystemTrigger','Statistics_Triggers','com.collabnet.svnedge.statistics.StatCollectJob','Statistics',NULL,1512806743029,1512804943029,5,'ACQUIRED','SIMPLE',1512070543029,0,NULL,0,'aced0005737200156f72672e71756172747a2e4a6f62446174614d61709fb083e8bfa9b0cb020000787200266f72672e71756172747a2e7574696c732e537472696e674b65794469727479466c61674d61708208e8c3fbc55d280200015a0013616c6c6f77735472616e7369656e74446174617872001d6f72672e71756172747a2e7574696c732e4469727479466c61674d617013e62ead28760ace0200025a000564697274794c00036d617074000f4c6a6176612f7574696c2f4d61703b787001737200116a6176612e7574696c2e486173684d61700507dac1c31660d103000246000a6c6f6164466163746f724900097468726573686f6c6478703f4000000000000c7708000000100000000174000b736572766963654e616d6574001b66696c6553797374656d53746174697374696373536572766963657800','csvnQuartz')
INSERT INTO QRTZ_FIRED_TRIGGERS VALUES('NON_CLUSTERED1512070411420','fileSystemTrigger','Statistics_Triggers','NON_CLUSTERED',1512806719707,5,'ACQUIRED',NULL,NULL,FALSE,FALSE,NULL,'csvnQuartz',1512806743029)
COMMIT
DELETE FROM QRTZ_FIRED_TRIGGERS WHERE SCHED_NAME='csvnQuartz' AND ENTRY_ID='NON_CLUSTERED1512070411420'
INSERT INTO QRTZ_FIRED_TRIGGERS VALUES('NON_CLUSTERED1512070411420','fileSystemTrigger','Statistics_Triggers','NON_CLUSTERED',1512806743044,5,'EXECUTING','com.collabnet.svnedge.statistics.StatCollectJob','Statistics',FALSE,FALSE,NULL,'csvnQuartz',1512806743029)
DELETE FROM QRTZ_TRIGGERS WHERE SCHED_NAME='csvnQuartz' AND TRIGGER_NAME='fileSystemTrigger' AND TRIGGER_GROUP='Statistics_Triggers'
INSERT INTO QRTZ_TRIGGERS VALUES('fileSystemTrigger','Statistics_Triggers','com.collabnet.svnedge.statistics.StatCollectJob','Statistics',NULL,1512808543029,1512806743029,5,'WAITING','SIMPLE',1512070543029,0,NULL,0,'aced0005737200156f72672e71756172747a2e4a6f62446174614d61709fb083e8bfa9b0cb020000787200266f72672e71756172747a2e7574696c732e537472696e674b65794469727479466c61674d61708208e8c3fbc55d280200015a0013616c6c6f77735472616e7369656e74446174617872001d6f72672e71756172747a2e7574696c732e4469727479466c61674d617013e62ead28760ace0200025a000564697274794c00036d617074000f4c6a6176612f7574696c2f4d61703b787001737200116a6176612e7574696c2e486173684d61700507dac1c31660d103000246000a6c6f6164466163746f724900097468726573686f6c6478703f4000000000000c7708000000100000000174000b736572766963654e616d6574001b66696c6553797374656d53746174697374696373536572766963657800','csvnQuartz')
DELETE FROM QRTZ_SIMPLE_TRIGGERS WHERE SCHED_NAME='csvnQuartz' AND TRIGGER_NAME='fileSystemTrigger' AND TRIGGER_GROUP='Statistics_Triggers'
INSERT INTO QRTZ_SIMPLE_TRIGGERS VALUES('fileSystemTrigger','Statistics_Triggers',-1,1800000,410,'csvnQuartz')
COMMIT
DELETE FROM QRTZ_FIRED_TRIGGERS WHERE SCHED_NAME='csvnQuartz' AND ENTRY_ID='NON_CLUSTERED1512070411420'
COMMIT
DELETE FROM QRTZ_TRIGGERS WHERE SCHED_NAME='csvnQuartz' AND TRIGGER_NAME='networkTrigger' AND TRIGGER_GROUP='Statistics_Triggers'
INSERT INTO QRTZ_TRIGGERS VALUES('networkTrigger','Statistics_Triggers','com.collabnet.svnedge.statistics.StatCollectJob','Statistics',NULL,1512806935289,1512806635289,5,'ACQUIRED','SIMPLE',1512070435289,0,NULL,0,'aced0005737200156f72672e71756172747a2e4a6f62446174614d61709fb083e8bfa9b0cb020000787200266f72672e71756172747a2e7574696c732e537472696e674b65794469727479466c61674d61708208e8c3fbc55d280200015a0013616c6c6f77735472616e7369656e74446174617872001d6f72672e71756172747a2e7574696c732e4469727479466c61674d617013e62ead28760ace0200025a000564697274794c00036d617074000f4c6a6176612f7574696c2f4d61703b787001737200116a6176612e7574696c2e486173684d61700507dac1c31660d103000246000a6c6f6164466163746f724900097468726573686f6c6478703f4000000000000c7708000000100000000174000b736572766963654e616d657400186e6574776f726b53746174697374696373536572766963657800','csvnQuartz')
INSERT INTO QRTZ_FIRED_TRIGGERS VALUES('NON_CLUSTERED1512070411421','networkTrigger','Statistics_Triggers','NON_CLUSTERED',1512806926345,5,'ACQUIRED',NULL,NULL,FALSE,FALSE,NULL,'csvnQuartz',1512806935289)
COMMIT
DELETE FROM QRTZ_FIRED_TRIGGERS WHERE SCHED_NAME='csvnQuartz' AND ENTRY_ID='NON_CLUSTERED1512070411421'
INSERT INTO QRTZ_FIRED_TRIGGERS VALUES('NON_CLUSTERED1512070411421','networkTrigger','Statistics_Triggers','NON_CLUSTERED',1512806935295,5,'EXECUTING','com.collabnet.svnedge.statistics.StatCollectJob','Statistics',FALSE,FALSE,NULL,'csvnQuartz',1512806935289)
DELETE FROM QRTZ_TRIGGERS WHERE SCHED_NAME='csvnQuartz' AND TRIGGER_NAME='networkTrigger' AND TRIGGER_GROUP='Statistics_Triggers'
INSERT INTO QRTZ_TRIGGERS VALUES('networkTrigger','Statistics_Triggers','com.collabnet.svnedge.statistics.StatCollectJob','Statistics',NULL,1512807235289,1512806935289,5,'WAITING','SIMPLE',1512070435289,0,NULL,0,'aced0005737200156f72672e71756172747a2e4a6f62446174614d61709fb083e8bfa9b0cb020000787200266f72672e71756172747a2e7574696c732e537472696e674b65794469727479466c61674d61708208e8c3fbc55d280200015a0013616c6c6f77735472616e7369656e74446174617872001d6f72672e71756172747a2e7574696c732e4469727479466c61674d617013e62ead28760ace0200025a000564697274794c00036d617074000f4c6a6176612f7574696c2f4d61703b787001737200116a6176612e7574696c2e486173684d61700507dac1c31660d103000246000a6c6f6164466163746f724900097468726573686f6c6478703f4000000000000c7708000000100000000174000b736572766963654e616d657400186e6574776f726b53746174697374696373536572766963657800','csvnQuartz')
DELETE FROM QRTZ_SIMPLE_TRIGGERS WHERE SCHED_NAME='csvnQuartz' AND TRIGGER_NAME='networkTrigger' AND TRIGGER_GROUP='Statistics_Triggers'
INSERT INTO QRTZ_SIMPLE_TRIGGERS VALUES('networkTrigger','Statistics_Triggers',-1,300000,2456,'csvnQuartz')
COMMIT
DELETE FROM QRTZ_FIRED_TRIGGERS WHERE SCHED_NAME='csvnQuartz' AND ENTRY_ID='NON_CLUSTERED1512070411421'
COMMIT
DELETE FROM QRTZ_TRIGGERS WHERE SCHED_NAME='csvnQuartz' AND TRIGGER_NAME='networkTrigger' AND TRIGGER_GROUP='Statistics_Triggers'
INSERT INTO QRTZ_TRIGGERS VALUES('networkTrigger','Statistics_Triggers','com.collabnet.svnedge.statistics.StatCollectJob','Statistics',NULL,1512807235289,1512806935289,5,'ACQUIRED','SIMPLE',1512070435289,0,NULL,0,'aced0005737200156f72672e71756172747a2e4a6f62446174614d61709fb083e8bfa9b0cb020000787200266f72672e71756172747a2e7574696c732e537472696e674b65794469727479466c61674d61708208e8c3fbc55d280200015a0013616c6c6f77735472616e7369656e74446174617872001d6f72672e71756172747a2e7574696c732e4469727479466c61674d617013e62ead28760ace0200025a000564697274794c00036d617074000f4c6a6176612f7574696c2f4d61703b787001737200116a6176612e7574696c2e486173684d61700507dac1c31660d103000246000a6c6f6164466163746f724900097468726573686f6c6478703f4000000000000c7708000000100000000174000b736572766963654e616d657400186e6574776f726b53746174697374696373536572766963657800','csvnQuartz')
INSERT INTO QRTZ_FIRED_TRIGGERS VALUES('NON_CLUSTERED1512070411422','networkTrigger','Statistics_Triggers','NON_CLUSTERED',1512807206200,5,'ACQUIRED',NULL,NULL,FALSE,FALSE,NULL,'csvnQuartz',1512807235289)
COMMIT
DELETE FROM QRTZ_FIRED_TRIGGERS WHERE SCHED_NAME='csvnQuartz' AND ENTRY_ID='NON_CLUSTERED1512070411422'
INSERT INTO QRTZ_FIRED_TRIGGERS VALUES('NON_CLUSTERED1512070411422','networkTrigger','Statistics_Triggers','NON_CLUSTERED',1512807235301,5,'EXECUTING','com.collabnet.svnedge.statistics.StatCollectJob','Statistics',FALSE,FALSE,NULL,'csvnQuartz',1512807235289)
DELETE FROM QRTZ_TRIGGERS WHERE SCHED_NAME='csvnQuartz' AND TRIGGER_NAME='networkTrigger' AND TRIGGER_GROUP='Statistics_Triggers'
INSERT INTO QRTZ_TRIGGERS VALUES('networkTrigger','Statistics_Triggers','com.collabnet.svnedge.statistics.StatCollectJob','Statistics',NULL,1512807535289,1512807235289,5,'WAITING','SIMPLE',1512070435289,0,NULL,0,'aced0005737200156f72672e71756172747a2e4a6f62446174614d61709fb083e8bfa9b0cb020000787200266f72672e71756172747a2e7574696c732e537472696e674b65794469727479466c61674d61708208e8c3fbc55d280200015a0013616c6c6f77735472616e7369656e74446174617872001d6f72672e71756172747a2e7574696c732e4469727479466c61674d617013e62ead28760ace0200025a000564697274794c00036d617074000f4c6a6176612f7574696c2f4d61703b787001737200116a6176612e7574696c2e486173684d61700507dac1c31660d103000246000a6c6f6164466163746f724900097468726573686f6c6478703f4000000000000c7708000000100000000174000b736572766963654e616d657400186e6574776f726b53746174697374696373536572766963657800','csvnQuartz')
DELETE FROM QRTZ_SIMPLE_TRIGGERS WHERE SCHED_NAME='csvnQuartz' AND TRIGGER_NAME='networkTrigger' AND TRIGGER_GROUP='Statistics_Triggers'
INSERT INTO QRTZ_SIMPLE_TRIGGERS VALUES('networkTrigger','Statistics_Triggers',-1,300000,2457,'csvnQuartz')
COMMIT
/*C12*/DELETE FROM QRTZ_FIRED_TRIGGERS WHERE SCHED_NAME='csvnQuartz' AND ENTRY_ID='NON_CLUSTERED1512070411422'
COMMIT
DELETE FROM QRTZ_TRIGGERS WHERE SCHED_NAME='csvnQuartz' AND TRIGGER_NAME='networkTrigger' AND TRIGGER_GROUP='Statistics_Triggers'
INSERT INTO QRTZ_TRIGGERS VALUES('networkTrigger','Statistics_Triggers','com.collabnet.svnedge.statistics.StatCollectJob','Statistics',NULL,1512807535289,1512807235289,5,'ACQUIRED','SIMPLE',1512070435289,0,NULL,0,'aced0005737200156f72672e71756172747a2e4a6f62446174614d61709fb083e8bfa9b0cb020000787200266f72672e71756172747a2e7574696c732e537472696e674b65794469727479466c61674d61708208e8c3fbc55d280200015a0013616c6c6f77735472616e7369656e74446174617872001d6f72672e71756172747a2e7574696c732e4469727479466c61674d617013e62ead28760ace0200025a000564697274794c00036d617074000f4c6a6176612f7574696c2f4d61703b787001737200116a6176612e7574696c2e486173684d61700507dac1c31660d103000246000a6c6f6164466163746f724900097468726573686f6c6478703f4000000000000c7708000000100000000174000b736572766963654e616d657400186e6574776f726b53746174697374696373536572766963657800','csvnQuartz')
INSERT INTO QRTZ_FIRED_TRIGGERS VALUES('NON_CLUSTERED1512070411423','networkTrigger','Statistics_Triggers','NON_CLUSTERED',1512807511519,5,'ACQUIRED',NULL,NULL,FALSE,FALSE,NULL,'csvnQuartz',1512807535289)
COMMIT
DELETE FROM QRTZ_FIRED_TRIGGERS WHERE SCHED_NAME='csvnQuartz' AND ENTRY_ID='NON_CLUSTERED1512070411423'
INSERT INTO QRTZ_FIRED_TRIGGERS VALUES('NON_CLUSTERED1512070411423','networkTrigger','Statistics_Triggers','NON_CLUSTERED',1512807535292,5,'EXECUTING','com.collabnet.svnedge.statistics.StatCollectJob','Statistics',FALSE,FALSE,NULL,'csvnQuartz',1512807535289)
DELETE FROM QRTZ_TRIGGERS WHERE SCHED_NAME='csvnQuartz' AND TRIGGER_NAME='networkTrigger' AND TRIGGER_GROUP='Statistics_Triggers'
INSERT INTO QRTZ_TRIGGERS VALUES('networkTrigger','Statistics_Triggers','com.collabnet.svnedge.statistics.StatCollectJob','Statistics',NULL,1512807835289,1512807535289,5,'WAITING','SIMPLE',1512070435289,0,NULL,0,'aced0005737200156f72672e71756172747a2e4a6f62446174614d61709fb083e8bfa9b0cb020000787200266f72672e71756172747a2e7574696c732e537472696e674b65794469727479466c61674d61708208e8c3fbc55d280200015a0013616c6c6f77735472616e7369656e74446174617872001d6f72672e71756172747a2e7574696c732e4469727479466c61674d617013e62ead28760ace0200025a000564697274794c00036d617074000f4c6a6176612f7574696c2f4d61703b787001737200116a6176612e7574696c2e486173684d61700507dac1c31660d103000246000a6c6f6164466163746f724900097468726573686f6c6478703f4000000000000c7708000000100000000174000b736572766963654e616d657400186e6574776f726b53746174697374696373536572766963657800','csvnQuartz')
DELETE FROM QRTZ_SIMPLE_TRIGGERS WHERE SCHED_NAME='csvnQuartz' AND TRIGGER_NAME='networkTrigger' AND TRIGGER_GROUP='Statistics_Triggers'
INSERT INTO QRTZ_SIMPLE_TRIGGERS VALUES('networkTrigger','Statistics_Triggers',-1,300000,2458,'csvnQuartz')
COMMIT
/*C10*/DELETE FROM QRTZ_FIRED_TRIGGERS WHERE SCHED_NAME='csvnQuartz' AND ENTRY_ID='NON_CLUSTERED1512070411423'
COMMIT
DELETE FROM QRTZ_TRIGGERS WHERE SCHED_NAME='csvnQuartz' AND TRIGGER_NAME='networkTrigger' AND TRIGGER_GROUP='Statistics_Triggers'
INSERT INTO QRTZ_TRIGGERS VALUES('networkTrigger','Statistics_Triggers','com.collabnet.svnedge.statistics.StatCollectJob','Statistics',NULL,1512807835289,1512807535289,5,'ACQUIRED','SIMPLE',1512070435289,0,NULL,0,'aced0005737200156f72672e71756172747a2e4a6f62446174614d61709fb083e8bfa9b0cb020000787200266f72672e71756172747a2e7574696c732e537472696e674b65794469727479466c61674d61708208e8c3fbc55d280200015a0013616c6c6f77735472616e7369656e74446174617872001d6f72672e71756172747a2e7574696c732e4469727479466c61674d617013e62ead28760ace0200025a000564697274794c00036d617074000f4c6a6176612f7574696c2f4d61703b787001737200116a6176612e7574696c2e486173684d61700507dac1c31660d103000246000a6c6f6164466163746f724900097468726573686f6c6478703f4000000000000c7708000000100000000174000b736572766963654e616d657400186e6574776f726b53746174697374696373536572766963657800','csvnQuartz')
INSERT INTO QRTZ_FIRED_TRIGGERS VALUES('NON_CLUSTERED1512070411424','networkTrigger','Statistics_Triggers','NON_CLUSTERED',1512807826848,5,'ACQUIRED',NULL,NULL,FALSE,FALSE,NULL,'csvnQuartz',1512807835289)
COMMIT
DELETE FROM QRTZ_FIRED_TRIGGERS WHERE SCHED_NAME='csvnQuartz' AND ENTRY_ID='NON_CLUSTERED1512070411424'
INSERT INTO QRTZ_FIRED_TRIGGERS VALUES('NON_CLUSTERED1512070411424','networkTrigger','Statistics_Triggers','NON_CLUSTERED',1512807835291,5,'EXECUTING','com.collabnet.svnedge.statistics.StatCollectJob','Statistics',FALSE,FALSE,NULL,'csvnQuartz',1512807835289)
DELETE FROM QRTZ_TRIGGERS WHERE SCHED_NAME='csvnQuartz' AND TRIGGER_NAME='networkTrigger' AND TRIGGER_GROUP='Statistics_Triggers'
INSERT INTO QRTZ_TRIGGERS VALUES('networkTrigger','Statistics_Triggers','com.collabnet.svnedge.statistics.StatCollectJob','Statistics',NULL,1512808135289,1512807835289,5,'WAITING','SIMPLE',1512070435289,0,NULL,0,'aced0005737200156f72672e71756172747a2e4a6f62446174614d61709fb083e8bfa9b0cb020000787200266f72672e71756172747a2e7574696c732e537472696e674b65794469727479466c61674d61708208e8c3fbc55d280200015a0013616c6c6f77735472616e7369656e74446174617872001d6f72672e71756172747a2e7574696c732e4469727479466c61674d617013e62ead28760ace0200025a000564697274794c00036d617074000f4c6a6176612f7574696c2f4d61703b787001737200116a6176612e7574696c2e486173684d61700507dac1c31660d103000246000a6c6f6164466163746f724900097468726573686f6c6478703f4000000000000c7708000000100000000174000b736572766963654e616d657400186e6574776f726b53746174697374696373536572766963657800','csvnQuartz')
DELETE FROM QRTZ_SIMPLE_TRIGGERS WHERE SCHED_NAME='csvnQuartz' AND TRIGGER_NAME='networkTrigger' AND TRIGGER_GROUP='Statistics_Triggers'
INSERT INTO QRTZ_SIMPLE_TRIGGERS VALUES('networkTrigger','Statistics_Triggers',-1,300000,2459,'csvnQuartz')
COMMIT
DELETE FROM QRTZ_FIRED_TRIGGERS WHERE SCHED_NAME='csvnQuartz' AND ENTRY_ID='NON_CLUSTERED1512070411424'
COMMIT
DELETE FROM QRTZ_TRIGGERS WHERE SCHED_NAME='csvnQuartz' AND TRIGGER_NAME='networkTrigger' AND TRIGGER_GROUP='Statistics_Triggers'
INSERT INTO QRTZ_TRIGGERS VALUES('networkTrigger','Statistics_Triggers','com.collabnet.svnedge.statistics.StatCollectJob','Statistics',NULL,1512808135289,1512807835289,5,'ACQUIRED','SIMPLE',1512070435289,0,NULL,0,'aced0005737200156f72672e71756172747a2e4a6f62446174614d61709fb083e8bfa9b0cb020000787200266f72672e71756172747a2e7574696c732e537472696e674b65794469727479466c61674d61708208e8c3fbc55d280200015a0013616c6c6f77735472616e7369656e74446174617872001d6f72672e71756172747a2e7574696c732e4469727479466c61674d617013e62ead28760ace0200025a000564697274794c00036d617074000f4c6a6176612f7574696c2f4d61703b787001737200116a6176612e7574696c2e486173684d61700507dac1c31660d103000246000a6c6f6164466163746f724900097468726573686f6c6478703f4000000000000c7708000000100000000174000b736572766963654e616d657400186e6574776f726b53746174697374696373536572766963657800','csvnQuartz')
INSERT INTO QRTZ_FIRED_TRIGGERS VALUES('NON_CLUSTERED1512070411425','networkTrigger','Statistics_Triggers','NON_CLUSTERED',1512808126721,5,'ACQUIRED',NULL,NULL,FALSE,FALSE,NULL,'csvnQuartz',1512808135289)
COMMIT
DELETE FROM QRTZ_FIRED_TRIGGERS WHERE SCHED_NAME='csvnQuartz' AND ENTRY_ID='NON_CLUSTERED1512070411425'
INSERT INTO QRTZ_FIRED_TRIGGERS VALUES('NON_CLUSTERED1512070411425','networkTrigger','Statistics_Triggers','NON_CLUSTERED',1512808135292,5,'EXECUTING','com.collabnet.svnedge.statistics.StatCollectJob','Statistics',FALSE,FALSE,NULL,'csvnQuartz',1512808135289)
DELETE FROM QRTZ_TRIGGERS WHERE SCHED_NAME='csvnQuartz' AND TRIGGER_NAME='networkTrigger' AND TRIGGER_GROUP='Statistics_Triggers'
INSERT INTO QRTZ_TRIGGERS VALUES('networkTrigger','Statistics_Triggers','com.collabnet.svnedge.statistics.StatCollectJob','Statistics',NULL,1512808435289,1512808135289,5,'WAITING','SIMPLE',1512070435289,0,NULL,0,'aced0005737200156f72672e71756172747a2e4a6f62446174614d61709fb083e8bfa9b0cb020000787200266f72672e71756172747a2e7574696c732e537472696e674b65794469727479466c61674d61708208e8c3fbc55d280200015a0013616c6c6f77735472616e7369656e74446174617872001d6f72672e71756172747a2e7574696c732e4469727479466c61674d617013e62ead28760ace0200025a000564697274794c00036d617074000f4c6a6176612f7574696c2f4d61703b787001737200116a6176612e7574696c2e486173684d61700507dac1c31660d103000246000a6c6f6164466163746f724900097468726573686f6c6478703f4000000000000c7708000000100000000174000b736572766963654e616d657400186e6574776f726b53746174697374696373536572766963657800','csvnQuartz')
DELETE FROM QRTZ_SIMPLE_TRIGGERS WHERE SCHED_NAME='csvnQuartz' AND TRIGGER_NAME='networkTrigger' AND TRIGGER_GROUP='Statistics_Triggers'
INSERT INTO QRTZ_SIMPLE_TRIGGERS VALUES('networkTrigger','Statistics_Triggers',-1,300000,2460,'csvnQuartz')
COMMIT
/*C12*/DELETE FROM QRTZ_FIRED_TRIGGERS WHERE SCHED_NAME='csvnQuartz' AND ENTRY_ID='NON_CLUSTERED1512070411425'
COMMIT
DELETE FROM QRTZ_TRIGGERS WHERE SCHED_NAME='csvnQuartz' AND TRIGGER_NAME='NetworkThroughputStatConsolidateTrigger' AND TRIGGER_GROUP='Statistics_Triggers'
INSERT INTO QRTZ_TRIGGERS VALUES('NetworkThroughputStatConsolidateTrigger','Statistics_Triggers','com.collabnet.svnedge.statistics.ConsolidateStatJob','Statistics',NULL,1512808422713,1512804822713,5,'ACQUIRED','SIMPLE',1512070422713,0,NULL,0,'aced0005737200156f72672e71756172747a2e4a6f62446174614d61709fb083e8bfa9b0cb020000787200266f72672e71756172747a2e7574696c732e537472696e674b65794469727479466c61674d61708208e8c3fbc55d280200015a0013616c6c6f77735472616e7369656e74446174617872001d6f72672e71756172747a2e7574696c732e4469727479466c61674d617013e62ead28760ace0200025a000564697274794c00036d617074000f4c6a6176612f7574696c2f4d61703b787001737200116a6176612e7574696c2e486173684d61700507dac1c31660d103000246000a6c6f6164466163746f724900097468726573686f6c6478703f4000000000000c7708000000100000000174000d7374617447726f75704e616d657400114e6574776f726b5468726f7567687075747800','csvnQuartz')
INSERT INTO QRTZ_FIRED_TRIGGERS VALUES('NON_CLUSTERED1512070411426','NetworkThroughputStatConsolidateTrigger','Statistics_Triggers','NON_CLUSTERED',1512808401099,5,'ACQUIRED',NULL,NULL,FALSE,FALSE,NULL,'csvnQuartz',1512808422713)
COMMIT
DELETE FROM QRTZ_FIRED_TRIGGERS WHERE SCHED_NAME='csvnQuartz' AND ENTRY_ID='NON_CLUSTERED1512070411426'
INSERT INTO QRTZ_FIRED_TRIGGERS VALUES('NON_CLUSTERED1512070411426','NetworkThroughputStatConsolidateTrigger','Statistics_Triggers','NON_CLUSTERED',1512808422728,5,'EXECUTING','com.collabnet.svnedge.statistics.ConsolidateStatJob','Statistics',FALSE,FALSE,NULL,'csvnQuartz',1512808422713)
DELETE FROM QRTZ_TRIGGERS WHERE SCHED_NAME='csvnQuartz' AND TRIGGER_NAME='NetworkThroughputStatConsolidateTrigger' AND TRIGGER_GROUP='Statistics_Triggers'
INSERT INTO QRTZ_TRIGGERS VALUES('NetworkThroughputStatConsolidateTrigger','Statistics_Triggers','com.collabnet.svnedge.statistics.ConsolidateStatJob','Statistics',NULL,1512812022713,1512808422713,5,'WAITING','SIMPLE',1512070422713,0,NULL,0,'aced0005737200156f72672e71756172747a2e4a6f62446174614d61709fb083e8bfa9b0cb020000787200266f72672e71756172747a2e7574696c732e537472696e674b65794469727479466c61674d61708208e8c3fbc55d280200015a0013616c6c6f77735472616e7369656e74446174617872001d6f72672e71756172747a2e7574696c732e4469727479466c61674d617013e62ead28760ace0200025a000564697274794c00036d617074000f4c6a6176612f7574696c2f4d61703b787001737200116a6176612e7574696c2e486173684d61700507dac1c31660d103000246000a6c6f6164466163746f724900097468726573686f6c6478703f4000000000000c7708000000100000000174000d7374617447726f75704e616d657400114e6574776f726b5468726f7567687075747800','csvnQuartz')
DELETE FROM QRTZ_SIMPLE_TRIGGERS WHERE SCHED_NAME='csvnQuartz' AND TRIGGER_NAME='NetworkThroughputStatConsolidateTrigger' AND TRIGGER_GROUP='Statistics_Triggers'
INSERT INTO QRTZ_SIMPLE_TRIGGERS VALUES('NetworkThroughputStatConsolidateTrigger','Statistics_Triggers',-1,3600000,206,'csvnQuartz')
COMMIT
DELETE FROM QRTZ_TRIGGERS WHERE SCHED_NAME='csvnQuartz' AND TRIGGER_NAME='FileSystemStatConsolidateTrigger' AND TRIGGER_GROUP='Statistics_Triggers'
INSERT INTO QRTZ_TRIGGERS VALUES('FileSystemStatConsolidateTrigger','Statistics_Triggers','com.collabnet.svnedge.statistics.ConsolidateStatJob','Statistics',NULL,1512808423196,1512804823196,5,'ACQUIRED','SIMPLE',1512070423196,0,NULL,0,'aced0005737200156f72672e71756172747a2e4a6f62446174614d61709fb083e8bfa9b0cb020000787200266f72672e71756172747a2e7574696c732e537472696e674b65794469727479466c61674d61708208e8c3fbc55d280200015a0013616c6c6f77735472616e7369656e74446174617872001d6f72672e71756172747a2e7574696c732e4469727479466c61674d617013e62ead28760ace0200025a000564697274794c00036d617074000f4c6a6176612f7574696c2f4d61703b787001737200116a6176612e7574696c2e486173684d61700507dac1c31660d103000246000a6c6f6164466163746f724900097468726573686f6c6478703f4000000000000c7708000000100000000174000d7374617447726f75704e616d6574000a46696c6553797374656d7800','csvnQuartz')
INSERT INTO QRTZ_FIRED_TRIGGERS VALUES('NON_CLUSTERED1512070411427','FileSystemStatConsolidateTrigger','Statistics_Triggers','NON_CLUSTERED',1512808422728,5,'ACQUIRED',NULL,NULL,FALSE,FALSE,NULL,'csvnQuartz',1512808423196)
COMMIT
DELETE FROM QRTZ_FIRED_TRIGGERS WHERE SCHED_NAME='csvnQuartz' AND ENTRY_ID='NON_CLUSTERED1512070411426'
COMMIT
DELETE FROM QRTZ_FIRED_TRIGGERS WHERE SCHED_NAME='csvnQuartz' AND ENTRY_ID='NON_CLUSTERED1512070411427'
INSERT INTO QRTZ_FIRED_TRIGGERS VALUES('NON_CLUSTERED1512070411427','FileSystemStatConsolidateTrigger','Statistics_Triggers','NON_CLUSTERED',1512808423196,5,'EXECUTING','com.collabnet.svnedge.statistics.ConsolidateStatJob','Statistics',FALSE,FALSE,NULL,'csvnQuartz',1512808423196)
DELETE FROM QRTZ_TRIGGERS WHERE SCHED_NAME='csvnQuartz' AND TRIGGER_NAME='FileSystemStatConsolidateTrigger' AND TRIGGER_GROUP='Statistics_Triggers'
INSERT INTO QRTZ_TRIGGERS VALUES('FileSystemStatConsolidateTrigger','Statistics_Triggers','com.collabnet.svnedge.statistics.ConsolidateStatJob','Statistics',NULL,1512812023196,1512808423196,5,'WAITING','SIMPLE',1512070423196,0,NULL,0,'aced0005737200156f72672e71756172747a2e4a6f62446174614d61709fb083e8bfa9b0cb020000787200266f72672e71756172747a2e7574696c732e537472696e674b65794469727479466c61674d61708208e8c3fbc55d280200015a0013616c6c6f77735472616e7369656e74446174617872001d6f72672e71756172747a2e7574696c732e4469727479466c61674d617013e62ead28760ace0200025a000564697274794c00036d617074000f4c6a6176612f7574696c2f4d61703b787001737200116a6176612e7574696c2e486173684d61700507dac1c31660d103000246000a6c6f6164466163746f724900097468726573686f6c6478703f4000000000000c7708000000100000000174000d7374617447726f75704e616d6574000a46696c6553797374656d7800','csvnQuartz')
DELETE FROM QRTZ_SIMPLE_TRIGGERS WHERE SCHED_NAME='csvnQuartz' AND TRIGGER_NAME='FileSystemStatConsolidateTrigger' AND TRIGGER_GROUP='Statistics_Triggers'
INSERT INTO QRTZ_SIMPLE_TRIGGERS VALUES('FileSystemStatConsolidateTrigger','Statistics_Triggers',-1,3600000,206,'csvnQuartz')
COMMIT
DELETE FROM QRTZ_TRIGGERS WHERE SCHED_NAME='csvnQuartz' AND TRIGGER_NAME='networkTrigger' AND TRIGGER_GROUP='Statistics_Triggers'
INSERT INTO QRTZ_TRIGGERS VALUES('networkTrigger','Statistics_Triggers','com.collabnet.svnedge.statistics.StatCollectJob','Statistics',NULL,1512808435289,1512808135289,5,'ACQUIRED','SIMPLE',1512070435289,0,NULL,0,'aced0005737200156f72672e71756172747a2e4a6f62446174614d61709fb083e8bfa9b0cb020000787200266f72672e71756172747a2e7574696c732e537472696e674b65794469727479466c61674d61708208e8c3fbc55d280200015a0013616c6c6f77735472616e7369656e74446174617872001d6f72672e71756172747a2e7574696c732e4469727479466c61674d617013e62ead28760ace0200025a000564697274794c00036d617074000f4c6a6176612f7574696c2f4d61703b787001737200116a6176612e7574696c2e486173684d61700507dac1c31660d103000246000a6c6f6164466163746f724900097468726573686f6c6478703f4000000000000c7708000000100000000174000b736572766963654e616d657400186e6574776f726b53746174697374696373536572766963657800','csvnQuartz')
INSERT INTO QRTZ_FIRED_TRIGGERS VALUES('NON_CLUSTERED1512070411428','networkTrigger','Statistics_Triggers','NON_CLUSTERED',1512808423196,5,'ACQUIRED',NULL,NULL,FALSE,FALSE,NULL,'csvnQuartz',1512808435289)
COMMIT
DELETE FROM QRTZ_FIRED_TRIGGERS WHERE SCHED_NAME='csvnQuartz' AND ENTRY_ID='NON_CLUSTERED1512070411427'
COMMIT
DELETE FROM QRTZ_FIRED_TRIGGERS WHERE SCHED_NAME='csvnQuartz' AND ENTRY_ID='NON_CLUSTERED1512070411428'
INSERT INTO QRTZ_FIRED_TRIGGERS VALUES('NON_CLUSTERED1512070411428','networkTrigger','Statistics_Triggers','NON_CLUSTERED',1512808435295,5,'EXECUTING','com.collabnet.svnedge.statistics.StatCollectJob','Statistics',FALSE,FALSE,NULL,'csvnQuartz',1512808435289)
DELETE FROM QRTZ_TRIGGERS WHERE SCHED_NAME='csvnQuartz' AND TRIGGER_NAME='networkTrigger' AND TRIGGER_GROUP='Statistics_Triggers'
INSERT INTO QRTZ_TRIGGERS VALUES('networkTrigger','Statistics_Triggers','com.collabnet.svnedge.statistics.StatCollectJob','Statistics',NULL,1512808735289,1512808435289,5,'WAITING','SIMPLE',1512070435289,0,NULL,0,'aced0005737200156f72672e71756172747a2e4a6f62446174614d61709fb083e8bfa9b0cb020000787200266f72672e71756172747a2e7574696c732e537472696e674b65794469727479466c61674d61708208e8c3fbc55d280200015a0013616c6c6f77735472616e7369656e74446174617872001d6f72672e71756172747a2e7574696c732e4469727479466c61674d617013e62ead28760ace0200025a000564697274794c00036d617074000f4c6a6176612f7574696c2f4d61703b787001737200116a6176612e7574696c2e486173684d61700507dac1c31660d103000246000a6c6f6164466163746f724900097468726573686f6c6478703f4000000000000c7708000000100000000174000b736572766963654e616d657400186e6574776f726b53746174697374696373536572766963657800','csvnQuartz')
DELETE FROM QRTZ_SIMPLE_TRIGGERS WHERE SCHED_NAME='csvnQuartz' AND TRIGGER_NAME='networkTrigger' AND TRIGGER_GROUP='Statistics_Triggers'
INSERT INTO QRTZ_SIMPLE_TRIGGERS VALUES('networkTrigger','Statistics_Triggers',-1,300000,2461,'csvnQuartz')
COMMIT
DELETE FROM QRTZ_FIRED_TRIGGERS WHERE SCHED_NAME='csvnQuartz' AND ENTRY_ID='NON_CLUSTERED1512070411428'
COMMIT
DELETE FROM QRTZ_TRIGGERS WHERE SCHED_NAME='csvnQuartz' AND TRIGGER_NAME='fileSystemTrigger' AND TRIGGER_GROUP='Statistics_Triggers'
INSERT INTO QRTZ_TRIGGERS VALUES('fileSystemTrigger','Statistics_Triggers','com.collabnet.svnedge.statistics.StatCollectJob','Statistics',NULL,1512808543029,1512806743029,5,'ACQUIRED','SIMPLE',1512070543029,0,NULL,0,'aced0005737200156f72672e71756172747a2e4a6f62446174614d61709fb083e8bfa9b0cb020000787200266f72672e71756172747a2e7574696c732e537472696e674b65794469727479466c61674d61708208e8c3fbc55d280200015a0013616c6c6f77735472616e7369656e74446174617872001d6f72672e71756172747a2e7574696c732e4469727479466c61674d617013e62ead28760ace0200025a000564697274794c00036d617074000f4c6a6176612f7574696c2f4d61703b787001737200116a6176612e7574696c2e486173684d61700507dac1c31660d103000246000a6c6f6164466163746f724900097468726573686f6c6478703f4000000000000c7708000000100000000174000b736572766963654e616d6574001b66696c6553797374656d53746174697374696373536572766963657800','csvnQuartz')
INSERT INTO QRTZ_FIRED_TRIGGERS VALUES('NON_CLUSTERED1512070411429','fileSystemTrigger','Statistics_Triggers','NON_CLUSTERED',1512808520762,5,'ACQUIRED',NULL,NULL,FALSE,FALSE,NULL,'csvnQuartz',1512808543029)
COMMIT
DELETE FROM QRTZ_FIRED_TRIGGERS WHERE SCHED_NAME='csvnQuartz' AND ENTRY_ID='NON_CLUSTERED1512070411429'
INSERT INTO QRTZ_FIRED_TRIGGERS VALUES('NON_CLUSTERED1512070411429','fileSystemTrigger','Statistics_Triggers','NON_CLUSTERED',1512808543035,5,'EXECUTING','com.collabnet.svnedge.statistics.StatCollectJob','Statistics',FALSE,FALSE,NULL,'csvnQuartz',1512808543029)
DELETE FROM QRTZ_TRIGGERS WHERE SCHED_NAME='csvnQuartz' AND TRIGGER_NAME='fileSystemTrigger' AND TRIGGER_GROUP='Statistics_Triggers'
INSERT INTO QRTZ_TRIGGERS VALUES('fileSystemTrigger','Statistics_Triggers','com.collabnet.svnedge.statistics.StatCollectJob','Statistics',NULL,1512810343029,1512808543029,5,'WAITING','SIMPLE',1512070543029,0,NULL,0,'aced0005737200156f72672e71756172747a2e4a6f62446174614d61709fb083e8bfa9b0cb020000787200266f72672e71756172747a2e7574696c732e537472696e674b65794469727479466c61674d61708208e8c3fbc55d280200015a0013616c6c6f77735472616e7369656e74446174617872001d6f72672e71756172747a2e7574696c732e4469727479466c61674d617013e62ead28760ace0200025a000564697274794c00036d617074000f4c6a6176612f7574696c2f4d61703b787001737200116a6176612e7574696c2e486173684d61700507dac1c31660d103000246000a6c6f6164466163746f724900097468726573686f6c6478703f4000000000000c7708000000100000000174000b736572766963654e616d6574001b66696c6553797374656d53746174697374696373536572766963657800','csvnQuartz')
DELETE FROM QRTZ_SIMPLE_TRIGGERS WHERE SCHED_NAME='csvnQuartz' AND TRIGGER_NAME='fileSystemTrigger' AND TRIGGER_GROUP='Statistics_Triggers'
INSERT INTO QRTZ_SIMPLE_TRIGGERS VALUES('fileSystemTrigger','Statistics_Triggers',-1,1800000,411,'csvnQuartz')
COMMIT
/*C10*/DELETE FROM QRTZ_FIRED_TRIGGERS WHERE SCHED_NAME='csvnQuartz' AND ENTRY_ID='NON_CLUSTERED1512070411429'
COMMIT
DELETE FROM QRTZ_TRIGGERS WHERE SCHED_NAME='csvnQuartz' AND TRIGGER_NAME='networkTrigger' AND TRIGGER_GROUP='Statistics_Triggers'
INSERT INTO QRTZ_TRIGGERS VALUES('networkTrigger','Statistics_Triggers','com.collabnet.svnedge.statistics.StatCollectJob','Statistics',NULL,1512808735289,1512808435289,5,'ACQUIRED','SIMPLE',1512070435289,0,NULL,0,'aced0005737200156f72672e71756172747a2e4a6f62446174614d61709fb083e8bfa9b0cb020000787200266f72672e71756172747a2e7574696c732e537472696e674b65794469727479466c61674d61708208e8c3fbc55d280200015a0013616c6c6f77735472616e7369656e74446174617872001d6f72672e71756172747a2e7574696c732e4469727479466c61674d617013e62ead28760ace0200025a000564697274794c00036d617074000f4c6a6176612f7574696c2f4d61703b787001737200116a6176612e7574696c2e486173684d61700507dac1c31660d103000246000a6c6f6164466163746f724900097468726573686f6c6478703f4000000000000c7708000000100000000174000b736572766963654e616d657400186e6574776f726b53746174697374696373536572766963657800','csvnQuartz')
INSERT INTO QRTZ_FIRED_TRIGGERS VALUES('NON_CLUSTERED1512070411430','networkTrigger','Statistics_Triggers','NON_CLUSTERED',1512808728832,5,'ACQUIRED',NULL,NULL,FALSE,FALSE,NULL,'csvnQuartz',1512808735289)
COMMIT
DELETE FROM QRTZ_FIRED_TRIGGERS WHERE SCHED_NAME='csvnQuartz' AND ENTRY_ID='NON_CLUSTERED1512070411430'
INSERT INTO QRTZ_FIRED_TRIGGERS VALUES('NON_CLUSTERED1512070411430','networkTrigger','Statistics_Triggers','NON_CLUSTERED',1512808735301,5,'EXECUTING','com.collabnet.svnedge.statistics.StatCollectJob','Statistics',FALSE,FALSE,NULL,'csvnQuartz',1512808735289)
DELETE FROM QRTZ_TRIGGERS WHERE SCHED_NAME='csvnQuartz' AND TRIGGER_NAME='networkTrigger' AND TRIGGER_GROUP='Statistics_Triggers'
INSERT INTO QRTZ_TRIGGERS VALUES('networkTrigger','Statistics_Triggers','com.collabnet.svnedge.statistics.StatCollectJob','Statistics',NULL,1512809035289,1512808735289,5,'WAITING','SIMPLE',1512070435289,0,NULL,0,'aced0005737200156f72672e71756172747a2e4a6f62446174614d61709fb083e8bfa9b0cb020000787200266f72672e71756172747a2e7574696c732e537472696e674b65794469727479466c61674d61708208e8c3fbc55d280200015a0013616c6c6f77735472616e7369656e74446174617872001d6f72672e71756172747a2e7574696c732e4469727479466c61674d617013e62ead28760ace0200025a000564697274794c00036d617074000f4c6a6176612f7574696c2f4d61703b787001737200116a6176612e7574696c2e486173684d61700507dac1c31660d103000246000a6c6f6164466163746f724900097468726573686f6c6478703f4000000000000c7708000000100000000174000b736572766963654e616d657400186e6574776f726b53746174697374696373536572766963657800','csvnQuartz')
DELETE FROM QRTZ_SIMPLE_TRIGGERS WHERE SCHED_NAME='csvnQuartz' AND TRIGGER_NAME='networkTrigger' AND TRIGGER_GROUP='Statistics_Triggers'
INSERT INTO QRTZ_SIMPLE_TRIGGERS VALUES('networkTrigger','Statistics_Triggers',-1,300000,2462,'csvnQuartz')
COMMIT
DELETE FROM QRTZ_FIRED_TRIGGERS WHERE SCHED_NAME='csvnQuartz' AND ENTRY_ID='NON_CLUSTERED1512070411430'
COMMIT
DELETE FROM QRTZ_TRIGGERS WHERE SCHED_NAME='csvnQuartz' AND TRIGGER_NAME='networkTrigger' AND TRIGGER_GROUP='Statistics_Triggers'
INSERT INTO QRTZ_TRIGGERS VALUES('networkTrigger','Statistics_Triggers','com.collabnet.svnedge.statistics.StatCollectJob','Statistics',NULL,1512809035289,1512808735289,5,'ACQUIRED','SIMPLE',1512070435289,0,NULL,0,'aced0005737200156f72672e71756172747a2e4a6f62446174614d61709fb083e8bfa9b0cb020000787200266f72672e71756172747a2e7574696c732e537472696e674b65794469727479466c61674d61708208e8c3fbc55d280200015a0013616c6c6f77735472616e7369656e74446174617872001d6f72672e71756172747a2e7574696c732e4469727479466c61674d617013e62ead28760ace0200025a000564697274794c00036d617074000f4c6a6176612f7574696c2f4d61703b787001737200116a6176612e7574696c2e486173684d61700507dac1c31660d103000246000a6c6f6164466163746f724900097468726573686f6c6478703f4000000000000c7708000000100000000174000b736572766963654e616d657400186e6574776f726b53746174697374696373536572766963657800','csvnQuartz')
INSERT INTO QRTZ_FIRED_TRIGGERS VALUES('NON_CLUSTERED1512070411431','networkTrigger','Statistics_Triggers','NON_CLUSTERED',1512809019735,5,'ACQUIRED',NULL,NULL,FALSE,FALSE,NULL,'csvnQuartz',1512809035289)
COMMIT
DELETE FROM QRTZ_FIRED_TRIGGERS WHERE SCHED_NAME='csvnQuartz' AND ENTRY_ID='NON_CLUSTERED1512070411431'
INSERT INTO QRTZ_FIRED_TRIGGERS VALUES('NON_CLUSTERED1512070411431','networkTrigger','Statistics_Triggers','NON_CLUSTERED',1512809035295,5,'EXECUTING','com.collabnet.svnedge.statistics.StatCollectJob','Statistics',FALSE,FALSE,NULL,'csvnQuartz',1512809035289)
DELETE FROM QRTZ_TRIGGERS WHERE SCHED_NAME='csvnQuartz' AND TRIGGER_NAME='networkTrigger' AND TRIGGER_GROUP='Statistics_Triggers'
INSERT INTO QRTZ_TRIGGERS VALUES('networkTrigger','Statistics_Triggers','com.collabnet.svnedge.statistics.StatCollectJob','Statistics',NULL,1512809335289,1512809035289,5,'WAITING','SIMPLE',1512070435289,0,NULL,0,'aced0005737200156f72672e71756172747a2e4a6f62446174614d61709fb083e8bfa9b0cb020000787200266f72672e71756172747a2e7574696c732e537472696e674b65794469727479466c61674d61708208e8c3fbc55d280200015a0013616c6c6f77735472616e7369656e74446174617872001d6f72672e71756172747a2e7574696c732e4469727479466c61674d617013e62ead28760ace0200025a000564697274794c00036d617074000f4c6a6176612f7574696c2f4d61703b787001737200116a6176612e7574696c2e486173684d61700507dac1c31660d103000246000a6c6f6164466163746f724900097468726573686f6c6478703f4000000000000c7708000000100000000174000b736572766963654e616d657400186e6574776f726b53746174697374696373536572766963657800','csvnQuartz')
DELETE FROM QRTZ_SIMPLE_TRIGGERS WHERE SCHED_NAME='csvnQuartz' AND TRIGGER_NAME='networkTrigger' AND TRIGGER_GROUP='Statistics_Triggers'
INSERT INTO QRTZ_SIMPLE_TRIGGERS VALUES('networkTrigger','Statistics_Triggers',-1,300000,2463,'csvnQuartz')
COMMIT
DELETE FROM QRTZ_FIRED_TRIGGERS WHERE SCHED_NAME='csvnQuartz' AND ENTRY_ID='NON_CLUSTERED1512070411431'
COMMIT
DELETE FROM QRTZ_TRIGGERS WHERE SCHED_NAME='csvnQuartz' AND TRIGGER_NAME='networkTrigger' AND TRIGGER_GROUP='Statistics_Triggers'
INSERT INTO QRTZ_TRIGGERS VALUES('networkTrigger','Statistics_Triggers','com.collabnet.svnedge.statistics.StatCollectJob','Statistics',NULL,1512809335289,1512809035289,5,'ACQUIRED','SIMPLE',1512070435289,0,NULL,0,'aced0005737200156f72672e71756172747a2e4a6f62446174614d61709fb083e8bfa9b0cb020000787200266f72672e71756172747a2e7574696c732e537472696e674b65794469727479466c61674d61708208e8c3fbc55d280200015a0013616c6c6f77735472616e7369656e74446174617872001d6f72672e71756172747a2e7574696c732e4469727479466c61674d617013e62ead28760ace0200025a000564697274794c00036d617074000f4c6a6176612f7574696c2f4d61703b787001737200116a6176612e7574696c2e486173684d61700507dac1c31660d103000246000a6c6f6164466163746f724900097468726573686f6c6478703f4000000000000c7708000000100000000174000b736572766963654e616d657400186e6574776f726b53746174697374696373536572766963657800','csvnQuartz')
INSERT INTO QRTZ_FIRED_TRIGGERS VALUES('NON_CLUSTERED1512070411432','networkTrigger','Statistics_Triggers','NON_CLUSTERED',1512809318613,5,'ACQUIRED',NULL,NULL,FALSE,FALSE,NULL,'csvnQuartz',1512809335289)
COMMIT
DELETE FROM QRTZ_FIRED_TRIGGERS WHERE SCHED_NAME='csvnQuartz' AND ENTRY_ID='NON_CLUSTERED1512070411432'
INSERT INTO QRTZ_FIRED_TRIGGERS VALUES('NON_CLUSTERED1512070411432','networkTrigger','Statistics_Triggers','NON_CLUSTERED',1512809335298,5,'EXECUTING','com.collabnet.svnedge.statistics.StatCollectJob','Statistics',FALSE,FALSE,NULL,'csvnQuartz',1512809335289)
DELETE FROM QRTZ_TRIGGERS WHERE SCHED_NAME='csvnQuartz' AND TRIGGER_NAME='networkTrigger' AND TRIGGER_GROUP='Statistics_Triggers'
INSERT INTO QRTZ_TRIGGERS VALUES('networkTrigger','Statistics_Triggers','com.collabnet.svnedge.statistics.StatCollectJob','Statistics',NULL,1512809635289,1512809335289,5,'WAITING','SIMPLE',1512070435289,0,NULL,0,'aced0005737200156f72672e71756172747a2e4a6f62446174614d61709fb083e8bfa9b0cb020000787200266f72672e71756172747a2e7574696c732e537472696e674b65794469727479466c61674d61708208e8c3fbc55d280200015a0013616c6c6f77735472616e7369656e74446174617872001d6f72672e71756172747a2e7574696c732e4469727479466c61674d617013e62ead28760ace0200025a000564697274794c00036d617074000f4c6a6176612f7574696c2f4d61703b787001737200116a6176612e7574696c2e486173684d61700507dac1c31660d103000246000a6c6f6164466163746f724900097468726573686f6c6478703f4000000000000c7708000000100000000174000b736572766963654e616d657400186e6574776f726b53746174697374696373536572766963657800','csvnQuartz')
DELETE FROM QRTZ_SIMPLE_TRIGGERS WHERE SCHED_NAME='csvnQuartz' AND TRIGGER_NAME='networkTrigger' AND TRIGGER_GROUP='Statistics_Triggers'
INSERT INTO QRTZ_SIMPLE_TRIGGERS VALUES('networkTrigger','Statistics_Triggers',-1,300000,2464,'csvnQuartz')
COMMIT
/*C12*/DELETE FROM QRTZ_FIRED_TRIGGERS WHERE SCHED_NAME='csvnQuartz' AND ENTRY_ID='NON_CLUSTERED1512070411432'
COMMIT
DELETE FROM QRTZ_TRIGGERS WHERE SCHED_NAME='csvnQuartz' AND TRIGGER_NAME='networkTrigger' AND TRIGGER_GROUP='Statistics_Triggers'
INSERT INTO QRTZ_TRIGGERS VALUES('networkTrigger','Statistics_Triggers','com.collabnet.svnedge.statistics.StatCollectJob','Statistics',NULL,1512825235289,1512809335289,5,'WAITING','SIMPLE',1512070435289,0,NULL,0,'aced0005737200156f72672e71756172747a2e4a6f62446174614d61709fb083e8bfa9b0cb020000787200266f72672e71756172747a2e7574696c732e537472696e674b65794469727479466c61674d61708208e8c3fbc55d280200015a0013616c6c6f77735472616e7369656e74446174617872001d6f72672e71756172747a2e7574696c732e4469727479466c61674d617013e62ead28760ace0200025a000564697274794c00036d617074000f4c6a6176612f7574696c2f4d61703b787001737200116a6176612e7574696c2e486173684d61700507dac1c31660d103000246000a6c6f6164466163746f724900097468726573686f6c6478703f4000000000000c7708000000100000000174000b736572766963654e616d657400186e6574776f726b53746174697374696373536572766963657800','csvnQuartz')
DELETE FROM QRTZ_SIMPLE_TRIGGERS WHERE SCHED_NAME='csvnQuartz' AND TRIGGER_NAME='networkTrigger' AND TRIGGER_GROUP='Statistics_Triggers'
INSERT INTO QRTZ_SIMPLE_TRIGGERS VALUES('networkTrigger','Statistics_Triggers',-1,300000,2516,'csvnQuartz')
DELETE FROM QRTZ_TRIGGERS WHERE SCHED_NAME='csvnQuartz' AND TRIGGER_NAME='fileSystemTrigger' AND TRIGGER_GROUP='Statistics_Triggers'
INSERT INTO QRTZ_TRIGGERS VALUES('fileSystemTrigger','Statistics_Triggers','com.collabnet.svnedge.statistics.StatCollectJob','Statistics',NULL,1512826543029,1512808543029,5,'WAITING','SIMPLE',1512070543029,0,NULL,0,'aced0005737200156f72672e71756172747a2e4a6f62446174614d61709fb083e8bfa9b0cb020000787200266f72672e71756172747a2e7574696c732e537472696e674b65794469727479466c61674d61708208e8c3fbc55d280200015a0013616c6c6f77735472616e7369656e74446174617872001d6f72672e71756172747a2e7574696c732e4469727479466c61674d617013e62ead28760ace0200025a000564697274794c00036d617074000f4c6a6176612f7574696c2f4d61703b787001737200116a6176612e7574696c2e486173684d61700507dac1c31660d103000246000a6c6f6164466163746f724900097468726573686f6c6478703f4000000000000c7708000000100000000174000b736572766963654e616d6574001b66696c6553797374656d53746174697374696373536572766963657800','csvnQuartz')
DELETE FROM QRTZ_SIMPLE_TRIGGERS WHERE SCHED_NAME='csvnQuartz' AND TRIGGER_NAME='fileSystemTrigger' AND TRIGGER_GROUP='Statistics_Triggers'
INSERT INTO QRTZ_SIMPLE_TRIGGERS VALUES('fileSystemTrigger','Statistics_Triggers',-1,1800000,420,'csvnQuartz')
DELETE FROM QRTZ_TRIGGERS WHERE SCHED_NAME='csvnQuartz' AND TRIGGER_NAME='NetworkThroughputStatConsolidateTrigger' AND TRIGGER_GROUP='Statistics_Triggers'
INSERT INTO QRTZ_TRIGGERS VALUES('NetworkThroughputStatConsolidateTrigger','Statistics_Triggers','com.collabnet.svnedge.statistics.ConsolidateStatJob','Statistics',NULL,1512826422713,1512808422713,5,'WAITING','SIMPLE',1512070422713,0,NULL,0,'aced0005737200156f72672e71756172747a2e4a6f62446174614d61709fb083e8bfa9b0cb020000787200266f72672e71756172747a2e7574696c732e537472696e674b65794469727479466c61674d61708208e8c3fbc55d280200015a0013616c6c6f77735472616e7369656e74446174617872001d6f72672e71756172747a2e7574696c732e4469727479466c61674d617013e62ead28760ace0200025a000564697274794c00036d617074000f4c6a6176612f7574696c2f4d61703b787001737200116a6176612e7574696c2e486173684d61700507dac1c31660d103000246000a6c6f6164466163746f724900097468726573686f6c6478703f4000000000000c7708000000100000000174000d7374617447726f75704e616d657400114e6574776f726b5468726f7567687075747800','csvnQuartz')
DELETE FROM QRTZ_SIMPLE_TRIGGERS WHERE SCHED_NAME='csvnQuartz' AND TRIGGER_NAME='NetworkThroughputStatConsolidateTrigger' AND TRIGGER_GROUP='Statistics_Triggers'
INSERT INTO QRTZ_SIMPLE_TRIGGERS VALUES('NetworkThroughputStatConsolidateTrigger','Statistics_Triggers',-1,3600000,210,'csvnQuartz')
DELETE FROM QRTZ_TRIGGERS WHERE SCHED_NAME='csvnQuartz' AND TRIGGER_NAME='FileSystemStatConsolidateTrigger' AND TRIGGER_GROUP='Statistics_Triggers'
INSERT INTO QRTZ_TRIGGERS VALUES('FileSystemStatConsolidateTrigger','Statistics_Triggers','com.collabnet.svnedge.statistics.ConsolidateStatJob','Statistics',NULL,1512826423196,1512808423196,5,'WAITING','SIMPLE',1512070423196,0,NULL,0,'aced0005737200156f72672e71756172747a2e4a6f62446174614d61709fb083e8bfa9b0cb020000787200266f72672e71756172747a2e7574696c732e537472696e674b65794469727479466c61674d61708208e8c3fbc55d280200015a0013616c6c6f77735472616e7369656e74446174617872001d6f72672e71756172747a2e7574696c732e4469727479466c61674d617013e62ead28760ace0200025a000564697274794c00036d617074000f4c6a6176612f7574696c2f4d61703b787001737200116a6176612e7574696c2e486173684d61700507dac1c31660d103000246000a6c6f6164466163746f724900097468726573686f6c6478703f4000000000000c7708000000100000000174000d7374617447726f75704e616d6574000a46696c6553797374656d7800','csvnQuartz')
DELETE FROM QRTZ_SIMPLE_TRIGGERS WHERE SCHED_NAME='csvnQuartz' AND TRIGGER_NAME='FileSystemStatConsolidateTrigger' AND TRIGGER_GROUP='Statistics_Triggers'
INSERT INTO QRTZ_SIMPLE_TRIGGERS VALUES('FileSystemStatConsolidateTrigger','Statistics_Triggers',-1,3600000,210,'csvnQuartz')
COMMIT
